    0.016 D MultiMC 5, (c) 2013-2015 MultiMC Contributors
    0.016 D Version                    :  "0.4.6"
    0.016 D Git commit                 :  "6ab6a450f6831c99ba507436ab15047cfa4d4528"
    0.016 D Work dir before adjustment :  "C:/Users/Admin/Desktop/MultiMC"
    0.016 D Work dir after adjustment  :  "C:/Users/Admin/Desktop/MultiMC"
    0.016 D Adjusted by                :  "Command line C:/Users/Admin/Desktop/MultiMC"
    0.016 D Binary path                :  "C:/Users/Admin/Desktop/MultiMC"
    0.016 D Application root path      :  "C:/Users/Admin/Desktop/MultiMC"
    0.016 D Static data path           :  "C:/Users/Admin/Desktop/MultiMC"
    0.062 D Detected default console font: "Courier" , substitutions: ""
    0.062 D New FTB setup
    0.062 D FTB Launcher paths: "C:/Users/Admin/AppData/Local/ftblauncher" and "C:/Users/Admin/AppData/Roaming/ftblauncher"
    0.062 D Attempting to read "C:/Users/Admin/AppData/Roaming/ftblauncher/ftblaunch.cfg"
    0.062 W Couldn't open "C:/Users/Admin/AppData/Roaming/ftblauncher/ftblaunch.cfg" : "Системе не удается найти указанный путь."
    0.062 W This is perfectly normal if you don't have FTB installed
    0.062 D Your language is "ru"
    0.062 D Loading MMC Language File for ru ...
    0.109 D Started watching  "C:/Users/Admin/Desktop/MultiMC/icons"
    0.109 D Instance path              :  "instances"
    0.109 D Loading Instances...
    0.109 D Loading MultiMC instance from  "instances/Solyanka"
    0.109 D Loaded instance  "Solyanka"  from  "C:/Users/Admin/Desktop/MultiMC/instances/Solyanka"
    0.109 D Loading accounts...
    0.109 D Detecting proxy settings...
    0.109 D Using no proxy is an option!
    0.109 D Downloading Translations Index...
    0.109 D "Translations Index"  started.
    0.172 D "Status JSON"  started.
    0.187 D "Startup player skins download"  started.
    0.187 D Loading builtin version list.
    0.187 W Blacklisted legacy version ignored:  "rd-160052"
    0.187 D Loading local version list.
    0.187 D Loaded version "1.7.10" from local version list.
    1.001 D Reloading news.
    1.001 D "News RSS Feed"  started.
    1.001 D Checking for updates.
    1.001 D Channel list isn't loaded yet. Loading channel list and deferring update check.
    1.001 D Loading the channel list.
    1.001 D "Update System Channel List"  started.
    1.001 D "Checking for notifications"  started.
    1.095 D Downloading  "http://files.multimc.org/translations/index"
    1.095 D Downloading  "http://status.mojang.com/check"
    1.126 D Downloading  "http://skins.minecraft.net/MinecraftSkins/bmoe15.png"
    1.126 D Downloading  "http://multimc.org/rss.xml"
    1.126 D Downloading  "http://files.multimc.org/update/win32/channels.json"
    1.126 D Downloading  "http://files.multimc.org/notifications.json"
    1.438 D Loading remote version list.
    1.438 D Loaded version "1.8.4" from remote version list.
    1.438 D Loaded version "1.8.3" from remote version list.
    1.438 D Loaded version "1.8.2" from remote version list.
    1.438 D Loaded version "1.8.2-pre7" from remote version list.
    1.438 D Loaded version "1.8.1" from remote version list.
    1.438 D Loaded version "1.8" from remote version list.
    1.438 D Loaded version "14w34d" from remote version list.
    1.438 D Loaded version "14w33c" from remote version list.
    1.438 D Loaded version "14w32d" from remote version list.
    1.438 D Loaded version "14w31a" from remote version list.
    1.438 D Loaded version "14w30c" from remote version list.
    1.438 D Loaded version "14w29b" from remote version list.
    1.438 D Loaded version "14w28b" from remote version list.
    1.438 D Loaded version "14w27b" from remote version list.
    1.438 D Loaded version "14w26c" from remote version list.
    1.438 D Loaded version "1.7.10" from remote version list.
    1.438 D Loaded version "14w25b" from remote version list.
    1.438 D Loaded version "1.7.10-pre4" from remote version list.
    1.438 D Loaded version "1.7.10-pre3" from remote version list.
    1.438 D Loaded version "1.7.10-pre2" from remote version list.
    1.438 D Loaded version "1.7.10-pre1" from remote version list.
    1.438 D Loaded version "14w21b" from remote version list.
    1.438 D Loaded version "14w20b" from remote version list.
    1.438 D Loaded version "14w19a" from remote version list.
    1.438 D Loaded version "14w18b" from remote version list.
    1.438 D Loaded version "14w17a" from remote version list.
    1.438 D Loaded version "14w11b" from remote version list.
    1.438 D Loaded version "1.7.9" from remote version list.
    1.438 D Loaded version "14w10c" from remote version list.
    1.438 D Loaded version "14w08a" from remote version list.
    1.438 D Loaded version "1.7.5" from remote version list.
    1.438 D Loaded version "14w07a" from remote version list.
    1.438 D Loaded version "14w06b" from remote version list.
    1.438 D Loaded version "14w05b" from remote version list.
    1.438 D Loaded version "14w04b" from remote version list.
    1.438 D Loaded version "14w03b" from remote version list.
    1.438 D Loaded version "14w02c" from remote version list.
    1.438 D Loaded version "1.7.4" from remote version list.
    1.438 D Loaded version "1.7.3" from remote version list.
    1.438 D Loaded version "1.7.2" from remote version list.
    1.438 D Loaded version "1.7.1" from remote version list.
    1.438 D Loaded version "1.7" from remote version list.
    1.438 D Loaded version "1.6.4" from remote version list.
    1.438 D Loaded version "1.6.2" from remote version list.
    1.438 D Loaded version "1.6.1" from remote version list.
    1.438 D Loaded version "1.6" from remote version list.
    1.438 W Blacklisted legacy version ignored:  "rd-160052"
    1.438 D Task succeeded
    1.438 D "Status JSON" succeeded.
    1.438 D Task succeeded
    1.438 D Finished loading status JSON.
    1.438 D Status loading succeeded.
    1.454 D Following redirect to  "http://textures.minecraft.net/texture/3793e4ffb88d9e679140bcd7f5e547df5153c80b4597a8d5ac77796cae840"
    1.454 D Downloading  "http://textures.minecraft.net/texture/3793e4ffb88d9e679140bcd7f5e547df5153c80b4597a8d5ac77796cae840"
    1.829 D "Startup player skins download" succeeded.
    1.829 D Task succeeded
    2.063 D Discovered LWGL version "2.9.3" at "http://sourceforge.net/projects/java-game-lib/files/Official%20Releases/LWJGL%202.9.3/lwjgl-2.9.3.zip/download"
    2.063 D Discovered LWGL version "2.9.2" at "http://sourceforge.net/projects/java-game-lib/files/Official%20Releases/LWJGL%202.9.2/lwjgl-2.9.2.zip/download"
    2.063 D Discovered LWGL version "2.9.1" at "http://sourceforge.net/projects/java-game-lib/files/Official%20Releases/LWJGL%202.9.1/lwjgl-2.9.1.zip/download"
    2.063 D Discovered LWGL version "2.9.0" at "http://sourceforge.net/projects/java-game-lib/files/Official%20Releases/LWJGL%202.9.0/lwjgl-2.9.0.zip/download"
    2.063 D Discovered LWGL version "2.8.5" at "http://sourceforge.net/projects/java-game-lib/files/Official%20Releases/LWJGL%202.8.5/lwjgl-2.8.5.zip/download"
    2.063 D Discovered LWGL version "2.8.4" at "http://sourceforge.net/projects/java-game-lib/files/Official%20Releases/LWJGL%202.8.4/lwjgl-2.8.4.zip/download"
    2.063 D Discovered LWGL version "2.8.3" at "http://sourceforge.net/projects/java-game-lib/files/Official%20Releases/LWJGL%202.8.3/lwjgl-2.8.3.zip/download"
    2.063 D Discovered LWGL version "2.8.2" at "http://sourceforge.net/projects/java-game-lib/files/Official%20Releases/LWJGL%202.8.2/lwjgl-2.8.2.zip/download"
    2.063 D Discovered LWGL version "2.8.1" at "http://sourceforge.net/projects/java-game-lib/files/Official%20Releases/LWJGL%202.8.1/lwjgl-2.8.1.zip/download"
    2.063 D Discovered LWGL version "2.8.0" at "http://sourceforge.net/projects/java-game-lib/files/Official%20Releases/LWJGL%202.8.0/lwjgl-2.8.0.zip/download"
    2.063 D Discovered LWGL version "2.7.1" at "http://sourceforge.net/projects/java-game-lib/files/Official%20Releases/LWJGL%202.7.1/lwjgl-2.7.1.zip/download"
    2.063 D Discovered LWGL version "2.7" at "http://sourceforge.net/projects/java-game-lib/files/Official%20Releases/LWJGL%202.7/lwjgl-2.7.zip/download"
    2.063 D Discovered LWGL version "2.6" at "http://sourceforge.net/projects/java-game-lib/files/Official%20Releases/LWJGL%202.6/lwjgl-2.6.zip/download"
    2.063 D Discovered LWGL version "2.5" at "http://sourceforge.net/projects/java-game-lib/files/Official%20Releases/LWJGL%202.5/lwjgl-2.5.zip/download"
    2.063 D Discovered LWGL version "2.4.2" at "http://sourceforge.net/projects/java-game-lib/files/Official%20Releases/LWJGL%202.4.2/lwjgl-2.4.2.zip/download"
    2.063 D Discovered LWGL version "2.4.1" at "http://sourceforge.net/projects/java-game-lib/files/Official%20Releases/LWJGL%202.4.1/lwjgl-2.4.1.zip/download"
    2.063 D Discovered LWGL version "2.4" at "http://sourceforge.net/projects/java-game-lib/files/Official%20Releases/LWJGL%202.4/lwjgl-2.4.zip/download"
    2.063 D Discovered LWGL version "2.3" at "http://sourceforge.net/projects/java-game-lib/files/Official%20Releases/LWJGL%202.3/lwjgl-2.3.zip/download"
    2.063 D Discovered LWGL version "2.2.2" at "http://sourceforge.net/projects/java-game-lib/files/Official%20Releases/LWJGL%202.2.2/lwjgl-2.2.2.zip/download"
    2.063 D Discovered LWGL version "2.2.1" at "http://sourceforge.net/projects/java-game-lib/files/Official%20Releases/LWJGL%202.2.1/lwjgl-2.2.1.zip/download"
    2.063 D Discovered LWGL version "2.2.0" at "http://sourceforge.net/projects/java-game-lib/files/Official%20Releases/LWJGL%202.2.0/lwjgl-2.2.0.zip/download"
    2.063 D Discovered LWGL version "2.1.0" at "http://sourceforge.net/projects/java-game-lib/files/Official%20Releases/LWJGL%202.1.0/lwjgl-2.1.0.zip/download"
    2.063 D Discovered LWGL version "2.0.1" at "http://sourceforge.net/projects/java-game-lib/files/Official%20Releases/LWJGL%202.0.1/lwjgl-2.0.1.zip/download"
    2.063 D Discovered LWGL version "2.0" at "http://sourceforge.net/projects/java-game-lib/files/Official%20Releases/LWJGL%202.0/lwjgl-2.0.zip/download"
    2.063 D Loaded LWJGL list.
    2.298 D "Translations Index" succeeded.
    2.298 D Task succeeded
    2.298 D Got translations index!
    2.329 D "Translations"  started.
    2.360 D "Checking for notifications" succeeded.
    2.360 D Task succeeded
    2.360 D "Update System Channel List" succeeded.
    2.360 D Task succeeded
    2.360 D Successfully loaded UpdateChecker channel list.
    2.360 D Checking for updates.
    2.360 D m_repoUrl =  "http://files.multimc.org/update/win32/develop/"
    2.360 D "GoUpdate Repository Index"  started.
    2.360 D Downloading  "http://files.multimc.org/translations/bg.qm"
    2.376 D Downloading  "http://files.multimc.org/translations/cs.qm"
    2.376 D Downloading  "http://files.multimc.org/translations/de.qm"
    2.376 D Downloading  "http://files.multimc.org/translations/es.qm"
    2.376 D Downloading  "http://files.multimc.org/translations/fi.qm"
    2.376 D Downloading  "http://files.multimc.org/translations/fr.qm"
    2.376 D Downloading  "http://files.multimc.org/update/win32/develop/index.json"
    2.438 D Downloading  "http://files.multimc.org/translations/it.qm"
    2.626 D "GoUpdate Repository Index" succeeded.
    2.626 D Task succeeded
    2.626 D Finished downloading repo index. Checking for new versions.
    2.626 D Processing repository version list.
    2.626 D Found newer version with ID 531
    2.642 D "Changelog"  started.
    2.704 D Downloading  "http://files.multimc.org/translations/ja.qm"
    2.704 D Downloading  "https://raw.githubusercontent.com/MultiMC/MultiMC5/develop/changelog.md"
    2.782 D Downloading  "http://files.multimc.org/translations/ko.qm"
    2.813 D Downloading  "http://files.multimc.org/translations/nl.qm"
    2.876 D Downloading  "http://files.multimc.org/translations/pl.qm"
    2.923 D Downloading  "http://files.multimc.org/translations/pt_BR.qm"
    2.959 D Downloading  "http://files.multimc.org/translations/pt_PT.qm"
    3.008 D Downloading  "http://files.multimc.org/translations/ru.qm"
    3.053 D Downloading  "http://files.multimc.org/translations/sv.qm"
    3.081 D Downloading  "http://files.multimc.org/translations/zh.qm"
    3.099 D "News RSS Feed" succeeded.
    3.099 D Task succeeded
    3.099 D Finished loading RSS feed.
    3.101 D Loaded news entry "Update to 0.4.6, Bug fixes and improvements!"
    3.101 D Loaded news entry "Update to 0.4.5, Translations, Themes, and Technic"
    3.101 D Loaded news entry "Version 0.4 out - Jar mods, UI changes, and more!"
    3.101 D Loaded news entry "Introducing QuickMods - A better way to install mods"
    3.101 D Loaded news entry "Support us on Patreon!"
    3.101 D Loaded news entry "Heartbleed Vulnerability Update (fixed!)"
    3.102 D Loaded news entry "Announcing MultiMC 6"
    3.102 D Loaded news entry "MultiMC 5 - 0.3 update"
    3.102 D Loaded news entry "First official MultiMC 5 release!"
    3.102 D Loaded news entry "MultiMC Status Update"
    3.102 D News loading succeeded.
    3.797 D "Translations" succeeded.
    3.797 D Task succeeded
    3.797 D Got translations!
    4.157 D "Changelog" succeeded.
    4.157 D Task succeeded
    4.167 D "<h1>MultiMC 0.4.6</h1>

<h2>Functional changes</h2>

<ul>
<li>Old version.json and custom.json version files will be transformed into a minecraft version patch:

<ul>
<li>The process is automated</li>
<li>LWJGL entries are stripped from the original file - you may have to re-do LWJGL version customizations</li>
<li>Old files will be renamed - .old extension is added</li>
</ul></li>
<li>It&#39;s now possible to:

<ul>
<li>Customize, edit and revert builtin version patches (Minecraft, LWJGL)</li>
<li>Edit custom version patches (Forge, LiteLoader, other)</li>
</ul></li>
<li>Blocked various environment variables from affecting Minecraft:

<ul>
<li>&quot;JAVA_ARGS&quot;,</li>
<li>&quot;CLASSPATH&quot;,</li>
<li>&quot;CONFIGPATH&quot;,</li>
<li>&quot;JAVA_HOME&quot;,</li>
<li>&quot;JRE_HOME&quot;,</li>
<li>&quot;<em>JAVA</em>OPTIONS&quot;,</li>
<li>&quot;JAVA_OPTIONS&quot;,</li>
<li>&quot;JAVA<em>TOOL</em>OPTIONS&quot;</li>
<li>If you rely on those in any way, now would be a time to fix that</li>
</ul></li>
<li>Improved handling of LWJGL on OSX (.dylib vs. .jnilib extensions)</li>
<li>Jar mods are now always put into a generated temporary Minecraft jar instead of being put on the classpath</li>
<li>PermGen settings:

<ul>
<li>Changed default PermGen value to 128M because of many issues from new users</li>
<li>MultiMC now recognizes the Java version used and will not add PermGen settings to Java &gt;= 1.8</li>
</ul></li>
<li>Implemented simple modpack import and export feature:

<ul>
<li>Export allows selecting which files go into the resulting zip archive</li>
<li>Only MultiMC instances for now, other pack formats are planned</li>
<li>Import is either from local file or URL, URL can&#39;t have ad/click/pay gates</li>
</ul></li>
<li>Instance copy doesn&#39;t follow symlinks on Linux anymore

<ul>
<li>Still does on Windows because copying symlinks requires Administrator level access</li>
</ul></li>
<li>Instance delete doesn&#39;t follow symlinks anymore - anywhere</li>
<li>MCEdit tool now recognizes MCEdit2.exe as a valid file to runtime</li>
<li>Log uploads now follow the maximum allowed paste sizes of paste.ee and are encoded properly</li>
<li>MultiMC now doesn&#39;t use a proxy by default</li>
<li>Running profilers now works on Windows</li>
<li>MultiMC will warn you if you run it from WinRAR or temporary folders</li>
<li>Minecraft process ID is printed in the log on start</li>
<li>SSL certificates are fixed on OSX 10.10.3 and newer - see <a href="http://www.infoworld.com/article/2911209/mac-os-x/yosemite-10103-breaks-some-applications-and-https-sites.html">explanation</a>.</li>
</ul>

<h2>UI changes</h2>

<ul>
<li>Version lists:

<ul>
<li>All version lists now include latest and recommended versions - recommended are pre-selected</li>
<li>Java version list now sorts versions based on suitability - best on top</li>
<li>Forge version list includes the development branch the version came from</li>
<li>Minecraft list marks latest release as &#39;recommended&#39; and latest snapshot as &#39;latest&#39;, if it is newer than the release</li>
</ul></li>
<li>Mod lists:

<ul>
<li>Are updated and sorted after adding mods</li>
<li>Browse buttons now properly open the central mods folder</li>
<li>Are no longer watching for updates when the user doesn&#39;t look at them</li>
<li>Loader mod list now recognizes .litemod files as valid mod files</li>
</ul></li>
<li>Improved wording of instance delete dialog</li>
<li>Icon themes:

<ul>
<li>Can be changed without restarting</li>
<li>Added a workaround for icon themes broken in KDE Plasma 5 (only relevant for custom builds)</li>
</ul></li>
<li>Status icons:

<ul>
<li>Included a &#39;yellow&#39; one</li>
<li>Are clickable and link to <a href="https://help.mojang.com/">help.mojang.com</a></li>
<li>Refresh when the icon theme does</li>
</ul></li>
<li>Changed default console font to Courier 10pt on Windows</li>
<li>Description text in the main window status bar now updates when Minecraft version is changed</li>
<li>Inserted blatant self-promotion (Only Minecraft 1.8 and up)

<ul>
<li>This adds a bit of unobtrusive flavor text to the Minecraft F3 screen</li>
</ul></li>
<li>Log page now has a button to scroll to bottom</li>
<li>Errors are reported while updating the instance in the Version page</li>
<li>Fixed typos (forge -&gt; Forge)</li>
</ul>

<h2>Internals</h2>

<ul>
<li>Massive internal restructuring (ongoing)</li>
<li>Downloads now follow redirects</li>
<li>Minecraft window size is now always at least 1x1 pixel (prevents crash from bad settings)</li>
<li>Better handling of Forge downloads (obviously invalid/broken files are redownloaded)</li>
<li>All download tasks now only start 6 downloads, using a queue (fixes issues with assets downloads)</li>
<li>Fixed bugs related to corrupted settings files (settings and patch order file saves are now atomic)</li>
<li>Updated zip manipulation library - files inside newly written zip/jar files should have proper access rights and timestamps</li>
<li>Made Minecraft resource downloads more resilient (throwing away invalid/broken index files)</li>
<li>Minecraft asset import from old format has been removed</li>
<li>Generally improved MultiMC logging:

<ul>
<li>More error logging for network tasks</li>
<li>Added timestamps relative to application start</li>
</ul></li>
<li>Fixed issue with the application getting stuck in a modal dialog when screenshot uploads fail</li>
<li>Instance profiles and patches are now loaded lazily (speeds up MultiMC start)</li>
<li>Groups are saved after copying an instance</li>
<li>MultiMC launcher part will now exit cleanly when MultiMC crashes or is closed during instance launch</li>
</ul>

<h1>Previous releases</h1>

<h2>0.4.5</h2>

<ul>
<li>Copies of FTB instances should work again (<a href="https://github.com/MultiMC/MultiMC5/issues/619">GH-619</a>)</li>
<li>Fixed OSX version not including the hotfix number</li>
<li>If the currectly used java version goes missing, it now triggers auto-detect (<a href="https://github.com/MultiMC/MultiMC5/issues/608">GH-608</a>)</li>
<li>Improved &#39;refresh&#39; and &#39;update check&#39; icons of the dark and bright simple icon themes (<a href="https://github.com/MultiMC/MultiMC5/issues/618">GH-618</a>)</li>
<li>Fixed console window hiding - it no longer results in windowless/unusable MultiMC</li>
</ul>

<h2>0.4.4</h2>

<ul>
<li>Other logs larger than 10MB will not load to prevent logs eating the whole available memory</li>
<li>Translations are now updated independently from MultiMC</li>
<li>Added new and reworked the old simple icon themes</li>
<li>LWJGL on OSX should no longer clash with Java 8</li>
<li>Update to newer Qt version

<ul>
<li>Look and feel updated for latest OSX</li>
</ul></li>
<li>Fixed issues caused by Minecraft inheriting the environment variables from MultiMC</li>
<li>Minecraft log improvements:

<ul>
<li>Implemented search and pause</li>
<li>Automated coloring is updated for log format used by Minecraft 1.7+</li>
<li>Added settings for the font used in the console, using sensible defaults for the OS</li>
</ul></li>
<li>Removed MultiMC crash handler, it will be replaced by a better one in the future</li>
</ul>

<h2>0.4.3</h2>

<ul>
<li>Fix for issues with Minecraft version file updates</li>
<li>Fix for console window related memory leak</li>
<li>Fix for travis.ci build</li>
</ul>

<h2>0.4.2</h2>

<ul>
<li>Show a warning in the log if a library is missing</li>
<li>Fixes for relocating instances to other MultiMC installs:

<ul>
<li>Libraries now use full Gradle dependency specifiers</li>
<li>Rework of forge installer (forge can reinstall itself using only the information already in the instance)</li>
<li>Fixed bugs in rarely used library insertion rules</li>
</ul></li>
<li>Make the global settings dialog into a page dialog</li>
<li>Check if the Java binary can be found before launch</li>
<li>Show a warning for paths containing a &#39;!&#39; (Java can&#39;t handle that properly)</li>
<li>Many smaller fixes</li>
</ul>

<h2>0.4.1</h2>

<ul>
<li>Fix LWJGL version list (SourceForge has changed the download API)</li>
</ul>

<h2>0.4.0</h2>

<ul>
<li>Jar support in 1.6+</li>
<li>Deprecated legacy instances

<ul>
<li>Legacy instances can still be used but not created</li>
<li>All Minecraft versions are supported in the new instance format</li>
</ul></li>
<li>All instance editing and settings dialogs were turned into pages

<ul>
<li>The edit instance dialog contains pages relevant to editing and settings</li>
<li>The console window contains pages useful when playing the game</li>
</ul></li>
<li>Redone the screenshot management and upload (page)</li>
<li>Added a way to display and manage log files and crash reports generated by Minecraft (page)</li>
<li>Added measures to prevent corruption of version files

<ul>
<li>Minecraft version files are no longer part of the instances by default</li>
</ul></li>
<li>Added help for the newly added dialog pages</li>
<li>Made logs uploaded to paste.ee expire after a month</li>
<li>Fixed a few bugs related to liteloader and forge (1.7.10 issues)</li>
<li>Icon themes. Two new themes where added (work in progress)</li>
<li>Changelog and update channel are now visible in the update dialog</li>
<li>Several performance improvements to the group view</li>
<li>Added keyboard navigation to the group view</li>
</ul>

<h2>0.3.9</h2>

<ul>
<li>Workaround for 1.7.10 Forge</li>
</ul>

<h2>0.3.8</h2>

<ul>
<li>Workaround for performance issues with Intel integrated graphics chips</li>
</ul>

<h2>0.3.7</h2>

<ul>
<li>Fixed forge for 1.7.10-pre4 (and any future prereleases)</li>
</ul>

<h2>0.3.6</h2>

<ul>
<li>New server status - now with more color</li>
<li>Fix for FTB tracking issues</li>
<li>Fix for translations on OSX not working</li>
<li>Screenshot dialog should be harder to lose track of when used from the console window</li>
<li>A crash handler implementation has been added.</li>
</ul>

<h2>0.3.5</h2>

<ul>
<li>More versions are now selectable when changing instance versions</li>
<li>Fix for Forge/FML changing its mcmod.info metadata format</li>
</ul>

<h2>0.3.4</h2>

<ul>
<li>Show a list of Patreon patrons in credits section of the about dialog</li>
<li>Make the console window raise itself after minecraft closes</li>
<li>Add Control/Command+q shortcut to quit from the main window</li>
<li>Add french translation</li>
<li>Download and cache FML libs for legacy versions</li>
<li>Update the OS X icon</li>
<li>Fix FTB libraries not being used properly</li>
</ul>

<h2>0.3.3</h2>

<ul>
<li>Tweak context menu to prevent accidental clicks</li>
<li>Fix adding icons to custom icon directories</li>
<li>Added a Patreon button to the toolbar</li>
<li>Minecraft authentication tasks now provide better error reports</li>
</ul>

<h2>0.3.2</h2>

<ul>
<li>Fix issues with libraries not getting replaced properly (fixes instance startup for new instances)</li>
<li>Fix april fools</li>
</ul>

<h2>0.3.1</h2>

<ul>
<li>Fix copying of FTB instances (instance type is changed properly now)</li>
<li>Customizing FTB pack versions will remove the FTB pack patch file</li>
</ul>

<h2>0.3</h2>

<ul>
<li>Improved instance view</li>
<li>Overhauled 1.6+ version loading</li>
<li>Added a patch system for instance modification

<ul>
<li>There is no longer a single custom.json file that overrides version.json</li>
<li>Instead there are now &quot;patch&quot; files in <instance>/patches/, one for each main tweaker (forge, liteloader etc.)</li>
<li>These patches are applied after version.json in a customisable order,</li>
<li>A list of these files is shown in the left most tab in the Edit Mods dialog, where a list of libraries was shown before.</li>
<li>custom.json can still be used for overriding everything.</li>
</ul></li>
<li>Offline mode can be used even when online</li>
<li>Show an &quot;empty&quot; message in version selector dialogs</li>
<li>Fix FTB paths on windows</li>
<li>Tooling support

<ul>
<li>JProfiler</li>
<li>JVisualVM</li>
<li>MCEdit</li>
</ul></li>
<li>Don&#39;t assume forge in FTB instances and allow other libraries (liteloader, mcpatcher, etc.) in FTB instances</li>
<li>Screenshot uploading/managing</li>
<li>Instance badges</li>
<li>Some pre/post command stuff (remove the timeout, variable substitution)</li>
<li>Fix logging when the system language is not en_US</li>
<li>Setting PermGen to 64 will now omit the java parameter because it is the default</li>
<li>Fix encoding of escape sequences (tabs and newlines) in config files</li>
</ul>

<h2>0.2.1</h2>

<ul>
<li>Hotfix - move the native library extraction into the onesix launcher part.</li>
</ul>

<h2>0.2</h2>

<ul>
<li>Java memory settings have MB added to the number to make the units obvious.</li>
<li>Complete rework of the launcher part. No more sensitive information in the process arguments.</li>
<li>Cached downloads now do not destroy files on failure.</li>
<li>Mojang service status is now on the MultiMC status bar.</li>
<li>Java checker is no longer needed/used on instance launch.</li>
<li>Support for private FTB packs.</li>
<li>Fixed instance ID issues related to copying FTB packs without changing the instance name.</li>
<li>Forge versions are better sorted (build numbers above 999 were sorted wrong).</li>
<li>Fixed crash related to the MultiMC update channel picker in offline mode.</li>
<li>Started using icon themes for the application icons, fixing many OSX graphical glitches.</li>
<li>Icon sources have been located, along with icon licenses.</li>
<li>Update to the German translation.</li>
</ul>

<h2>0.1.1</h2>

<ul>
<li>Hotfix - Changed the issue tracker URL to <a href="https://github.com/MultiMC/MultiMC5/issues">GitHub issues</a>.</li>
</ul>

<h2>0.1</h2>

<ul>
<li>Reworked the version numbering system to support our <a href="http://nvie.com/posts/a-successful-git-branching-model/">new Git workflow</a>.</li>
<li>Added a tray icon for the console window.</li>
<li>Fixed instances getting deselected after FTB instances are loaded (or whenever the model is reset).</li>
<li>Implemented proxy settings.</li>
<li>Fixed sorting of Java installations in the Java list.</li>
<li>Jar files are now distributed separately, rather than being extracted from the binary at runtime.</li>
<li>Added additional information to the about dialog.</li>
</ul>

<h2>0.0</h2>

<ul>
<li>Initial release.</li>
</ul>
"
   40.294 D Downloading updates.
   40.296 D "http://files.multimc.org/update/win32/develop/"  turns into   QUrl( "http://files.multimc.org/update/win32/develop/531.json" ) 
   40.296 D "http://files.multimc.org/update/win32/develop/"  turns into   QUrl( "http://files.multimc.org/update/win32/develop/523.json" ) 
   40.297 D "Version Info"  started.
   40.305 D Downloading  "http://files.multimc.org/update/win32/develop/531.json"
   40.306 D Downloading  "http://files.multimc.org/update/win32/develop/523.json"
   40.463 D "Version Info" succeeded.
   40.463 D Task succeeded
   40.463 D Reading file list for new version...
   40.463 D "{"Files": [{"Path": "Qt5Core.dll", "MD5": "a0abe2c74c136d23d0508ee78ac41bbc", "Sources": [{"Url": "http://files.multimc.org/files/a0abe2c74c136d23d0508ee78ac41bbc-Qt5Core.dll", "SourceType": "http"}], "Perms": 438, "Executable": false}, {"Path": "imageformats/qjp2.dll", "MD5": "60b07dc1529e6842f6b9e3cdbac80fce", "Sources": [{"Url": "http://files.multimc.org/files/60b07dc1529e6842f6b9e3cdbac80fce-qjp2.dll", "SourceType": "http"}], "Perms": 438, "Executable": false}, {"Path": "libssl32.dll", "MD5": "fd268b5a640106c279aaecb65a2af5fc", "Sources": [{"Url": "http://files.multimc.org/files/fd268b5a640106c279aaecb65a2af5fc-ssleay32.dll", "SourceType": "http"}], "Perms": 438, "Executable": false}, {"Path": "libgcc_s_dw2-1.dll", "MD5": "df78c40b50fe24b703da9a6fd332335a", "Sources": [{"Url": "http://files.multimc.org/files/df78c40b50fe24b703da9a6fd332335a-libgcc_s_dw2-1.dll", "SourceType": "http"}], "Perms": 438, "Executable": false}, {"Path": "Qt5Svg.dll", "MD5": "d4cb02ff0a557d31513f88bedf6ac61f", "Sources": [{"Url": "http://files.multimc.org/files/d4cb02ff0a557d31513f88bedf6ac61f-Qt5Svg.dll", "SourceType": "http"}], "Perms": 438, "Executable": false}, {"Path": "libwinpthread-1.dll", "MD5": "9bb3170d6ec9d4523e74bd94fca7a9aa", "Sources": [{"Url": "http://files.multimc.org/files/9bb3170d6ec9d4523e74bd94fca7a9aa-libwinpthread-1.dll", "SourceType": "http"}], "Perms": 438, "Executable": false}, {"Path": "imageformats/qicns.dll", "MD5": "5fb2087dc766e4429fc1efabea767304", "Sources": [{"Url": "http://files.multimc.org/files/5fb2087dc766e4429fc1efabea767304-qicns.dll", "SourceType": "http"}], "Perms": 438, "Executable": false}, {"Path": "Qt5Gui.dll", "MD5": "185e0dc84c78c9bc7baa4a9b3b26540a", "Sources": [{"Url": "http://files.multimc.org/files/185e0dc84c78c9bc7baa4a9b3b26540a-Qt5Gui.dll", "SourceType": "http"}], "Perms": 438, "Executable": false}, {"Path": "Qt5Xml.dll", "MD5": "9d99d048030d5f8b1636267b75047f7b", "Sources": [{"Url": "http://files.multimc.org/files/9d99d048030d5f8b1636267b75047f7b-Qt5Xml.dll", "SourceType": "http"}], "Perms": 438, "Executable": false}, {"Path": "updater.exe", "MD5": "b200750d7c3cb8f9a020f98f2d6eaaf3", "Sources": [{"Url": "http://files.multimc.org/files/b200750d7c3cb8f9a020f98f2d6eaaf3-updater.exe", "SourceType": "http"}], "Perms": 511, "Executable": true}, {"Path": "imageformats/qdds.dll", "MD5": "206dd17df637adb46007144b61370f3c", "Sources": [{"Url": "http://files.multimc.org/files/206dd17df637adb46007144b61370f3c-qdds.dll", "SourceType": "http"}], "Perms": 438, "Executable": false}, {"Path": "platforms/qwindows.dll", "MD5": "6503721d335ab405752e15cbb7a009f1", "Sources": [{"Url": "http://files.multimc.org/files/6503721d335ab405752e15cbb7a009f1-qwindows.dll", "SourceType": "http"}], "Perms": 438, "Executable": false}, {"Path": "qt.conf", "MD5": "d41d8cd98f00b204e9800998ecf8427e", "Sources": [{"Url": "http://files.multimc.org/files/04cd-Info.plist", "SourceType": "http"}], "Perms": 438, "Executable": false}, {"Path": "MultiMC.exe", "MD5": "8e94b66b3ab93fbf9165b5ac64314958", "Sources": [{"Url": "http://files.multimc.org/files/8e94b66b3ab93fbf9165b5ac64314958-MultiMC.exe", "SourceType": "http"}], "Perms": 511, "Executable": true}, {"Path": "imageformats/qwbmp.dll", "MD5": "535c9eba37ac45614f22eb48c251b0cc", "Sources": [{"Url": "http://files.multimc.org/files/535c9eba37ac45614f22eb48c251b0cc-qwbmp.dll", "SourceType": "http"}], "Perms": 438, "Executable": false}, {"Path": "ssleay32.dll", "MD5": "fd268b5a640106c279aaecb65a2af5fc", "Sources": [{"Url": "http://files.multimc.org/files/fd268b5a640106c279aaecb65a2af5fc-ssleay32.dll", "SourceType": "http"}], "Perms": 438, "Executable": false}, {"Path": "libstdc++-6.dll", "MD5": "be5134cfe5f8656a08b5649962ae27f0", "Sources": [{"Url": "http://files.multimc.org/files/be5134cfe5f8656a08b5649962ae27f0-libstdcXX-6.dll", "SourceType": "http"}], "Perms": 438, "Executable": false}, {"Path": "imageformats/qjpeg.dll", "MD5": "05493d8b0a115eadf4d6554536fb64f5", "Sources": [{"Url": "http://files.multimc.org/files/05493d8b0a115eadf4d6554536fb64f5-qjpeg.dll", "SourceType": "http"}], "Perms": 438, "Executable": false}, {"Path": "jars/NewLaunch.jar", "MD5": "22668d77d39db028d6967b205cd5b436", "Sources": [{"Url": "http://files.multimc.org/files/22668d77d39db028d6967b205cd5b436-NewLaunch.jar", "SourceType": "http"}], "Perms": 438, "Executable": false}, {"Path": "imageformats/qwebp.dll", "MD5": "d60a2dfc791e461b9133daee44c7a46c", "Sources": [{"Url": "http://files.multimc.org/files/d60a2dfc791e461b9133daee44c7a46c-qwebp.dll", "SourceType": "http"}], "Perms": 438, "Executable": false}, {"Path": "imageformats/qgif.dll", "MD5": "1ef1a6092fe03c6a0177267020296895", "Sources": [{"Url": "http://files.multimc.org/files/1ef1a6092fe03c6a0177267020296895-qgif.dll", "SourceType": "http"}], "Perms": 438, "Executable": false}, {"Path": "Qt5Widgets.dll", "MD5": "2e3b83f4cf833869b6fa5d4c2a64f3fa", "Sources": [{"Url": "http://files.multimc.org/files/2e3b83f4cf833869b6fa5d4c2a64f3fa-Qt5Widgets.dll", "SourceType": "http"}], "Perms": 438, "Executable": false}, {"Path": "libeay32.dll", "MD5": "cb1f13218b31baa9b1f2b6e1b837acbd", "Sources": [{"Url": "http://files.multimc.org/files/cb1f13218b31baa9b1f2b6e1b837acbd-libeay32.dll", "SourceType": "http"}], "Perms": 438, "Executable": false}, {"Path": "Qt5Network.dll", "MD5": "ce9c4e11043dd17bfb01cc0b96f3b7d8", "Sources": [{"Url": "http://files.multimc.org/files/ce9c4e11043dd17bfb01cc0b96f3b7d8-Qt5Network.dll", "SourceType": "http"}], "Perms": 438, "Executable": false}, {"Path": "jars/JavaCheck.jar", "MD5": "a1dbf8d341cfba70fe7edde2757e828b", "Sources": [{"Url": "http://files.multimc.org/files/a1dbf8d341cfba70fe7edde2757e828b-JavaCheck.jar", "SourceType": "http"}], "Perms": 438, "Executable": false}, {"Path": "iconengines/qsvgicon.dll", "MD5": "08733232c24c2ec52c5ef83df2145eaf", "Sources": [{"Url": "http://files.multimc.org/files/08733232c24c2ec52c5ef83df2145eaf-qsvgicon.dll", "SourceType": "http"}], "Perms": 438, "Executable": false}, {"Path": "imageformats/qsvg.dll", "MD5": "37e618aeafae9c8635ba4f8dc99db10a", "Sources": [{"Url": "http://files.multimc.org/files/37e618aeafae9c8635ba4f8dc99db10a-qsvg.dll", "SourceType": "http"}], "Perms": 438, "Executable": false}, {"Path": "imageformats/qico.dll", "MD5": "6c3e20e5aea84bb3ea7dfed04d47e359", "Sources": [{"Url": "http://files.multimc.org/files/6c3e20e5aea84bb3ea7dfed04d47e359-qico.dll", "SourceType": "http"}], "Perms": 438, "Executable": false}], "Name": "0.4.6", "Id": "531", "ApiVersion": 0}"
   40.463 D Loading version info from JSON.
   40.463 D File "Qt5Core.dll" with perms 438
   40.463 D Loaded info for "Qt5Core.dll"
   40.463 D File "imageformats/qjp2.dll" with perms 438
   40.463 D Loaded info for "imageformats/qjp2.dll"
   40.463 D File "libssl32.dll" with perms 438
   40.463 D Loaded info for "libssl32.dll"
   40.463 D File "libgcc_s_dw2-1.dll" with perms 438
   40.463 D Loaded info for "libgcc_s_dw2-1.dll"
   40.463 D File "Qt5Svg.dll" with perms 438
   40.463 D Loaded info for "Qt5Svg.dll"
   40.463 D File "libwinpthread-1.dll" with perms 438
   40.463 D Loaded info for "libwinpthread-1.dll"
   40.463 D File "imageformats/qicns.dll" with perms 438
   40.463 D Loaded info for "imageformats/qicns.dll"
   40.463 D File "Qt5Gui.dll" with perms 438
   40.463 D Loaded info for "Qt5Gui.dll"
   40.463 D File "Qt5Xml.dll" with perms 438
   40.463 D Loaded info for "Qt5Xml.dll"
   40.463 D File "updater.exe" with perms 511
   40.463 D Loaded info for "updater.exe"
   40.463 D File "imageformats/qdds.dll" with perms 438
   40.463 D Loaded info for "imageformats/qdds.dll"
   40.463 D File "platforms/qwindows.dll" with perms 438
   40.463 D Loaded info for "platforms/qwindows.dll"
   40.463 D File "qt.conf" with perms 438
   40.463 D Loaded info for "qt.conf"
   40.463 D File "MultiMC.exe" with perms 511
   40.463 D Loaded info for "MultiMC.exe"
   40.463 D File "imageformats/qwbmp.dll" with perms 438
   40.463 D Loaded info for "imageformats/qwbmp.dll"
   40.463 D File "ssleay32.dll" with perms 438
   40.463 D Loaded info for "ssleay32.dll"
   40.463 D File "libstdc++-6.dll" with perms 438
   40.463 D Loaded info for "libstdc++-6.dll"
   40.463 D File "imageformats/qjpeg.dll" with perms 438
   40.463 D Loaded info for "imageformats/qjpeg.dll"
   40.463 D File "jars/NewLaunch.jar" with perms 438
   40.463 D Loaded info for "jars/NewLaunch.jar"
   40.463 D File "imageformats/qwebp.dll" with perms 438
   40.463 D Loaded info for "imageformats/qwebp.dll"
   40.463 D File "imageformats/qgif.dll" with perms 438
   40.463 D Loaded info for "imageformats/qgif.dll"
   40.463 D File "Qt5Widgets.dll" with perms 438
   40.463 D Loaded info for "Qt5Widgets.dll"
   40.463 D File "libeay32.dll" with perms 438
   40.463 D Loaded info for "libeay32.dll"
   40.463 D File "Qt5Network.dll" with perms 438
   40.463 D Loaded info for "Qt5Network.dll"
   40.463 D File "jars/JavaCheck.jar" with perms 438
   40.463 D Loaded info for "jars/JavaCheck.jar"
   40.463 D File "iconengines/qsvgicon.dll" with perms 438
   40.463 D Loaded info for "iconengines/qsvgicon.dll"
   40.463 D File "imageformats/qsvg.dll" with perms 438
   40.463 D Loaded info for "imageformats/qsvg.dll"
   40.463 D File "imageformats/qico.dll" with perms 438
   40.463 D Loaded info for "imageformats/qico.dll"
   40.463 D Reading file list for current version...
   40.463 D "{"Name": "0.4.6", "Files": [{"MD5": "d4cb02ff0a557d31513f88bedf6ac61f", "Executable": false, "Perms": 438, "Path": "Qt5Svg.dll", "Sources": [{"SourceType": "http", "Url": "http://files.multimc.org/files/d4cb02ff0a557d31513f88bedf6ac61f-Qt5Svg.dll"}]}, {"MD5": "cb1f13218b31baa9b1f2b6e1b837acbd", "Executable": false, "Perms": 438, "Path": "libeay32.dll", "Sources": [{"SourceType": "http", "Url": "http://files.multimc.org/files/cb1f13218b31baa9b1f2b6e1b837acbd-libeay32.dll"}]}, {"MD5": "be5134cfe5f8656a08b5649962ae27f0", "Executable": false, "Perms": 438, "Path": "libstdc++-6.dll", "Sources": [{"SourceType": "http", "Url": "http://files.multimc.org/files/be5134cfe5f8656a08b5649962ae27f0-libstdcXX-6.dll"}]}, {"MD5": "7f32e17939782a40683586426fa31a08", "Executable": true, "Perms": 511, "Path": "MultiMC.exe", "Sources": [{"SourceType": "http", "Url": "http://files.multimc.org/files/7f32e17939782a40683586426fa31a08-MultiMC.exe"}]}, {"MD5": "1ef1a6092fe03c6a0177267020296895", "Executable": false, "Perms": 438, "Path": "imageformats/qgif.dll", "Sources": [{"SourceType": "http", "Url": "http://files.multimc.org/files/1ef1a6092fe03c6a0177267020296895-qgif.dll"}]}, {"MD5": "ce9c4e11043dd17bfb01cc0b96f3b7d8", "Executable": false, "Perms": 438, "Path": "Qt5Network.dll", "Sources": [{"SourceType": "http", "Url": "http://files.multimc.org/files/ce9c4e11043dd17bfb01cc0b96f3b7d8-Qt5Network.dll"}]}, {"MD5": "535c9eba37ac45614f22eb48c251b0cc", "Executable": false, "Perms": 438, "Path": "imageformats/qwbmp.dll", "Sources": [{"SourceType": "http", "Url": "http://files.multimc.org/files/535c9eba37ac45614f22eb48c251b0cc-qwbmp.dll"}]}, {"MD5": "b200750d7c3cb8f9a020f98f2d6eaaf3", "Executable": true, "Perms": 511, "Path": "updater.exe", "Sources": [{"SourceType": "http", "Url": "http://files.multimc.org/files/b200750d7c3cb8f9a020f98f2d6eaaf3-updater.exe"}]}, {"MD5": "6503721d335ab405752e15cbb7a009f1", "Executable": false, "Perms": 438, "Path": "platforms/qwindows.dll", "Sources": [{"SourceType": "http", "Url": "http://files.multimc.org/files/6503721d335ab405752e15cbb7a009f1-qwindows.dll"}]}, {"MD5": "08733232c24c2ec52c5ef83df2145eaf", "Executable": false, "Perms": 438, "Path": "iconengines/qsvgicon.dll", "Sources": [{"SourceType": "http", "Url": "http://files.multimc.org/files/08733232c24c2ec52c5ef83df2145eaf-qsvgicon.dll"}]}, {"MD5": "9d99d048030d5f8b1636267b75047f7b", "Executable": false, "Perms": 438, "Path": "Qt5Xml.dll", "Sources": [{"SourceType": "http", "Url": "http://files.multimc.org/files/9d99d048030d5f8b1636267b75047f7b-Qt5Xml.dll"}]}, {"MD5": "206dd17df637adb46007144b61370f3c", "Executable": false, "Perms": 438, "Path": "imageformats/qdds.dll", "Sources": [{"SourceType": "http", "Url": "http://files.multimc.org/files/206dd17df637adb46007144b61370f3c-qdds.dll"}]}, {"MD5": "a1dbf8d341cfba70fe7edde2757e828b", "Executable": false, "Perms": 438, "Path": "jars/JavaCheck.jar", "Sources": [{"SourceType": "http", "Url": "http://files.multimc.org/files/a1dbf8d341cfba70fe7edde2757e828b-JavaCheck.jar"}]}, {"MD5": "df78c40b50fe24b703da9a6fd332335a", "Executable": false, "Perms": 438, "Path": "libgcc_s_dw2-1.dll", "Sources": [{"SourceType": "http", "Url": "http://files.multimc.org/files/df78c40b50fe24b703da9a6fd332335a-libgcc_s_dw2-1.dll"}]}, {"MD5": "a0abe2c74c136d23d0508ee78ac41bbc", "Executable": false, "Perms": 438, "Path": "Qt5Core.dll", "Sources": [{"SourceType": "http", "Url": "http://files.multimc.org/files/a0abe2c74c136d23d0508ee78ac41bbc-Qt5Core.dll"}]}, {"MD5": "60b07dc1529e6842f6b9e3cdbac80fce", "Executable": false, "Perms": 438, "Path": "imageformats/qjp2.dll", "Sources": [{"SourceType": "http", "Url": "http://files.multimc.org/files/60b07dc1529e6842f6b9e3cdbac80fce-qjp2.dll"}]}, {"MD5": "6c3e20e5aea84bb3ea7dfed04d47e359", "Executable": false, "Perms": 438, "Path": "imageformats/qico.dll", "Sources": [{"SourceType": "http", "Url": "http://files.multimc.org/files/6c3e20e5aea84bb3ea7dfed04d47e359-qico.dll"}]}, {"MD5": "37e618aeafae9c8635ba4f8dc99db10a", "Executable": false, "Perms": 438, "Path": "imageformats/qsvg.dll", "Sources": [{"SourceType": "http", "Url": "http://files.multimc.org/files/37e618aeafae9c8635ba4f8dc99db10a-qsvg.dll"}]}, {"MD5": "fd268b5a640106c279aaecb65a2af5fc", "Executable": false, "Perms": 438, "Path": "libssl32.dll", "Sources": [{"SourceType": "http", "Url": "http://files.multimc.org/files/fd268b5a640106c279aaecb65a2af5fc-ssleay32.dll"}]}, {"MD5": "22668d77d39db028d6967b205cd5b436", "Executable": false, "Perms": 438, "Path": "jars/NewLaunch.jar", "Sources": [{"SourceType": "http", "Url": "http://files.multimc.org/files/22668d77d39db028d6967b205cd5b436-NewLaunch.jar"}]}, {"MD5": "5fb2087dc766e4429fc1efabea767304", "Executable": false, "Perms": 438, "Path": "imageformats/qicns.dll", "Sources": [{"SourceType": "http", "Url": "http://files.multimc.org/files/5fb2087dc766e4429fc1efabea767304-qicns.dll"}]}, {"MD5": "05493d8b0a115eadf4d6554536fb64f5", "Executable": false, "Perms": 438, "Path": "imageformats/qjpeg.dll", "Sources": [{"SourceType": "http", "Url": "http://files.multimc.org/files/05493d8b0a115eadf4d6554536fb64f5-qjpeg.dll"}]}, {"MD5": "2e3b83f4cf833869b6fa5d4c2a64f3fa", "Executable": false, "Perms": 438, "Path": "Qt5Widgets.dll", "Sources": [{"SourceType": "http", "Url": "http://files.multimc.org/files/2e3b83f4cf833869b6fa5d4c2a64f3fa-Qt5Widgets.dll"}]}, {"MD5": "d41d8cd98f00b204e9800998ecf8427e", "Executable": false, "Perms": 438, "Path": "qt.conf", "Sources": [{"SourceType": "http", "Url": "http://files.multimc.org/files/04cd-Info.plist"}]}, {"MD5": "d60a2dfc791e461b9133daee44c7a46c", "Executable": false, "Perms": 438, "Path": "imageformats/qwebp.dll", "Sources": [{"SourceType": "http", "Url": "http://files.multimc.org/files/d60a2dfc791e461b9133daee44c7a46c-qwebp.dll"}]}, {"MD5": "185e0dc84c78c9bc7baa4a9b3b26540a", "Executable": false, "Perms": 438, "Path": "Qt5Gui.dll", "Sources": [{"SourceType": "http", "Url": "http://files.multimc.org/files/185e0dc84c78c9bc7baa4a9b3b26540a-Qt5Gui.dll"}]}, {"MD5": "fd268b5a640106c279aaecb65a2af5fc", "Executable": false, "Perms": 438, "Path": "ssleay32.dll", "Sources": [{"SourceType": "http", "Url": "http://files.multimc.org/files/fd268b5a640106c279aaecb65a2af5fc-ssleay32.dll"}]}, {"MD5": "9bb3170d6ec9d4523e74bd94fca7a9aa", "Executable": false, "Perms": 438, "Path": "libwinpthread-1.dll", "Sources": [{"SourceType": "http", "Url": "http://files.multimc.org/files/9bb3170d6ec9d4523e74bd94fca7a9aa-libwinpthread-1.dll"}]}], "ApiVersion": 0, "Id": "523"}"
   40.463 D Loading version info from JSON.
   40.463 D File "Qt5Svg.dll" with perms 438
   40.463 D Loaded info for "Qt5Svg.dll"
   40.463 D File "libeay32.dll" with perms 438
   40.463 D Loaded info for "libeay32.dll"
   40.463 D File "libstdc++-6.dll" with perms 438
   40.463 D Loaded info for "libstdc++-6.dll"
   40.463 D File "MultiMC.exe" with perms 511
   40.463 D Loaded info for "MultiMC.exe"
   40.463 D File "imageformats/qgif.dll" with perms 438
   40.463 D Loaded info for "imageformats/qgif.dll"
   40.463 D File "Qt5Network.dll" with perms 438
   40.463 D Loaded info for "Qt5Network.dll"
   40.463 D File "imageformats/qwbmp.dll" with perms 438
   40.463 D Loaded info for "imageformats/qwbmp.dll"
   40.463 D File "updater.exe" with perms 511
   40.463 D Loaded info for "updater.exe"
   40.463 D File "platforms/qwindows.dll" with perms 438
   40.463 D Loaded info for "platforms/qwindows.dll"
   40.463 D File "iconengines/qsvgicon.dll" with perms 438
   40.463 D Loaded info for "iconengines/qsvgicon.dll"
   40.463 D File "Qt5Xml.dll" with perms 438
   40.463 D Loaded info for "Qt5Xml.dll"
   40.463 D File "imageformats/qdds.dll" with perms 438
   40.463 D Loaded info for "imageformats/qdds.dll"
   40.463 D File "jars/JavaCheck.jar" with perms 438
   40.463 D Loaded info for "jars/JavaCheck.jar"
   40.463 D File "libgcc_s_dw2-1.dll" with perms 438
   40.463 D Loaded info for "libgcc_s_dw2-1.dll"
   40.463 D File "Qt5Core.dll" with perms 438
   40.463 D Loaded info for "Qt5Core.dll"
   40.463 D File "imageformats/qjp2.dll" with perms 438
   40.463 D Loaded info for "imageformats/qjp2.dll"
   40.463 D File "imageformats/qico.dll" with perms 438
   40.463 D Loaded info for "imageformats/qico.dll"
   40.463 D File "imageformats/qsvg.dll" with perms 438
   40.479 D Loaded info for "imageformats/qsvg.dll"
   40.479 D File "libssl32.dll" with perms 438
   40.479 D Loaded info for "libssl32.dll"
   40.479 D File "jars/NewLaunch.jar" with perms 438
   40.479 D Loaded info for "jars/NewLaunch.jar"
   40.479 D File "imageformats/qicns.dll" with perms 438
   40.479 D Loaded info for "imageformats/qicns.dll"
   40.479 D File "imageformats/qjpeg.dll" with perms 438
   40.479 D Loaded info for "imageformats/qjpeg.dll"
   40.479 D File "Qt5Widgets.dll" with perms 438
   40.479 D Loaded info for "Qt5Widgets.dll"
   40.479 D File "qt.conf" with perms 438
   40.479 D Loaded info for "qt.conf"
   40.479 D File "imageformats/qwebp.dll" with perms 438
   40.479 D Loaded info for "imageformats/qwebp.dll"
   40.479 D File "Qt5Gui.dll" with perms 438
   40.479 D Loaded info for "Qt5Gui.dll"
   40.479 D File "ssleay32.dll" with perms 438
   40.479 D Loaded info for "ssleay32.dll"
   40.479 D File "libwinpthread-1.dll" with perms 438
   40.479 D Loaded info for "libwinpthread-1.dll"
   40.479 D Not deleting "Qt5Svg.dll" because it is still present in the new version.
   40.479 D Not deleting "libeay32.dll" because it is still present in the new version.
   40.479 D Not deleting "libstdc++-6.dll" because it is still present in the new version.
   40.479 D Not deleting "MultiMC.exe" because it is still present in the new version.
   40.479 D Not deleting "imageformats/qgif.dll" because it is still present in the new version.
   40.479 D Not deleting "Qt5Network.dll" because it is still present in the new version.
   40.479 D Not deleting "imageformats/qwbmp.dll" because it is still present in the new version.
   40.479 D Not deleting "updater.exe" because it is still present in the new version.
   40.479 D Not deleting "platforms/qwindows.dll" because it is still present in the new version.
   40.479 D Not deleting "iconengines/qsvgicon.dll" because it is still present in the new version.
   40.479 D Not deleting "Qt5Xml.dll" because it is still present in the new version.
   40.479 D Not deleting "imageformats/qdds.dll" because it is still present in the new version.
   40.494 D Not deleting "jars/JavaCheck.jar" because it is still present in the new version.
   40.494 D Not deleting "libgcc_s_dw2-1.dll" because it is still present in the new version.
   40.494 D Not deleting "Qt5Core.dll" because it is still present in the new version.
   40.494 D Not deleting "imageformats/qjp2.dll" because it is still present in the new version.
   40.494 D Not deleting "imageformats/qico.dll" because it is still present in the new version.
   40.494 D Not deleting "imageformats/qsvg.dll" because it is still present in the new version.
   40.494 D Not deleting "libssl32.dll" because it is still present in the new version.
   40.494 D Not deleting "jars/NewLaunch.jar" because it is still present in the new version.
   40.494 D Not deleting "imageformats/qicns.dll" because it is still present in the new version.
   40.494 D Not deleting "imageformats/qjpeg.dll" because it is still present in the new version.
   40.494 D Not deleting "Qt5Widgets.dll" because it is still present in the new version.
   40.494 D Not deleting "qt.conf" because it is still present in the new version.
   40.494 D Not deleting "imageformats/qwebp.dll" because it is still present in the new version.
   40.494 D Not deleting "Qt5Gui.dll" because it is still present in the new version.
   40.494 D Not deleting "ssleay32.dll" because it is still present in the new version.
   40.494 D Not deleting "libwinpthread-1.dll" because it is still present in the new version.
   40.557 D File "C:/Users/Admin/Desktop/MultiMC/Qt5Core.dll"  does not need updating.
   40.572 D File "C:/Users/Admin/Desktop/MultiMC/imageformats/qjp2.dll"  does not need updating.
   40.588 D File "C:/Users/Admin/Desktop/MultiMC/libssl32.dll"  does not need updating.
   40.604 D File "C:/Users/Admin/Desktop/MultiMC/libgcc_s_dw2-1.dll"  does not need updating.
   40.619 D File "C:/Users/Admin/Desktop/MultiMC/Qt5Svg.dll"  does not need updating.
   40.635 D File "C:/Users/Admin/Desktop/MultiMC/libwinpthread-1.dll"  does not need updating.
   40.635 D File "C:/Users/Admin/Desktop/MultiMC/imageformats/qicns.dll"  does not need updating.
   40.713 D File "C:/Users/Admin/Desktop/MultiMC/Qt5Gui.dll"  does not need updating.
   40.713 D File "C:/Users/Admin/Desktop/MultiMC/Qt5Xml.dll"  does not need updating.
   40.744 D File "C:/Users/Admin/Desktop/MultiMC/updater.exe"  does not need updating.
   40.760 D File "C:/Users/Admin/Desktop/MultiMC/imageformats/qdds.dll"  does not need updating.
   40.776 D File "C:/Users/Admin/Desktop/MultiMC/platforms/qwindows.dll"  does not need updating.
   40.776 D File "C:/Users/Admin/Desktop/MultiMC/qt.conf"  does not need updating.
   40.838 D MD5Sum does not match!
   40.838 D Expected:' "8e94b66b3ab93fbf9165b5ac64314958" '
   40.838 D Got:     ' "7f32e17939782a40683586426fa31a08" '
   40.838 D Found file "C:/Users/Admin/Desktop/MultiMC/MultiMC.exe"  that needs updating.
   40.838 D Will download "MultiMC.exe" from "http://files.multimc.org/files/8e94b66b3ab93fbf9165b5ac64314958-MultiMC.exe"
   40.854 D File "C:/Users/Admin/Desktop/MultiMC/imageformats/qwbmp.dll"  does not need updating.
   40.869 D File "C:/Users/Admin/Desktop/MultiMC/ssleay32.dll"  does not need updating.
   40.885 D File "C:/Users/Admin/Desktop/MultiMC/libstdc++-6.dll"  does not need updating.
   40.885 D File "C:/Users/Admin/Desktop/MultiMC/imageformats/qjpeg.dll"  does not need updating.
   40.901 D File "C:/Users/Admin/Desktop/MultiMC/jars/NewLaunch.jar"  does not need updating.
   40.916 D File "C:/Users/Admin/Desktop/MultiMC/imageformats/qwebp.dll"  does not need updating.
   40.932 D File "C:/Users/Admin/Desktop/MultiMC/imageformats/qgif.dll"  does not need updating.
   41.026 D File "C:/Users/Admin/Desktop/MultiMC/Qt5Widgets.dll"  does not need updating.
   41.057 D File "C:/Users/Admin/Desktop/MultiMC/libeay32.dll"  does not need updating.
   41.072 D File "C:/Users/Admin/Desktop/MultiMC/Qt5Network.dll"  does not need updating.
   41.088 D File "C:/Users/Admin/Desktop/MultiMC/jars/JavaCheck.jar"  does not need updating.
   41.088 D File "C:/Users/Admin/Desktop/MultiMC/iconengines/qsvgicon.dll"  does not need updating.
   41.088 D File "C:/Users/Admin/Desktop/MultiMC/imageformats/qsvg.dll"  does not need updating.
   41.104 D File "C:/Users/Admin/Desktop/MultiMC/imageformats/qico.dll"  does not need updating.
   41.104 D Will install file  "C:/Users/Admin/AppData/Local/Temp/MultiMC5-YvouSa/MultiMC.exe"  to  "MultiMC.exe"
   41.104 D Begin downloading update files to "C:/Users/Admin/AppData/Local/Temp/MultiMC5-YvouSa"
   41.104 D "Update Files"  started.
   41.104 D Downloading  "http://files.multimc.org/files/8e94b66b3ab93fbf9165b5ac64314958-MultiMC.exe"  local MD5:  ""
   41.104 D Expecting  "8e94b66b3ab93fbf9165b5ac64314958"
   46.234 D Finished  "http://files.multimc.org/files/8e94b66b3ab93fbf9165b5ac64314958-MultiMC.exe"  got  "8e94b66b3ab93fbf9165b5ac64314958"
   46.234 D "Update Files" succeeded.
   46.234 D Task succeeded
   46.234 D Task succeeded
   46.236 D Installing updates.
   46.236 D Running updater with command "C:/Users/Admin/Desktop/MultiMC/updater.exe" "--install-dir C:/Users/Admin/Desktop/MultiMC --package-dir C:/Users/Admin/AppData/Local/Temp/MultiMC5-YvouSa --script C:/Users/Admin/AppData/Local/Temp/MultiMC5-YvouSa/file_list.xml --wait 280 --finish-cmd C:/Users/Admin/Desktop/MultiMC/MultiMC.exe --finish-dir C:/Users/Admin/Desktop/MultiMC"
