[18:19:35] [main/INFO]: LiteLoader 1.7.10_04 starting up...
[18:19:35] [main/INFO]: Java reports OS="windows 8.1"
[18:19:35] [main/INFO]: Enumerating class path...
[18:19:35] [main/INFO]: Class path separator=";"
[18:19:35] [main/INFO]: Class path entries=(
   classpathEntry=C:/Users/Admin/Desktop/MultiMC/jars/NewLaunch.jar
)
[18:19:35] [main/INFO]: Registering discovery module EnumeratorModuleClassPath: [<Java Class Path>]
[18:19:35] [main/INFO]: Registering discovery module EnumeratorModuleFolder: [C:\Users\Admin\Desktop\MultiMC\instances\Solyanka\minecraft\mods]
[18:19:35] [main/INFO]: Registering discovery module EnumeratorModuleFolder: [C:\Users\Admin\Desktop\MultiMC\instances\Solyanka\minecraft\mods\1.7.10]
[18:19:35] [main/INFO]: Adding supported mod class prefix 'LiteMod'
[18:19:35] [main/INFO]: Discovering tweaks on class path...
[18:19:35] [main/INFO]: Discovering valid mod files in folder C:\Users\Admin\Desktop\MultiMC\instances\Solyanka\minecraft\mods
[18:19:35] [main/INFO]: Discovering valid mod files in folder C:\Users\Admin\Desktop\MultiMC\instances\Solyanka\minecraft\mods\1.7.10
[18:19:35] [main/INFO]: Searching for tweaks in 'Baubles-1.7.10-1.0.1.10.jar'
[18:19:35] [main/WARN]: Error parsing manifest entries in 'C:\Users\Admin\Desktop\MultiMC\instances\Solyanka\minecraft\mods\1.7.10\Baubles-1.7.10-1.0.1.10.jar'
[18:19:35] [main/INFO]: Considering valid mod file: C:\Users\Admin\Desktop\MultiMC\instances\Solyanka\minecraft\mods\1.7.10\MAtmos_r28b__1.7.10.litemod
[18:19:35] [main/INFO]: Considering valid mod file: C:\Users\Admin\Desktop\MultiMC\instances\Solyanka\minecraft\mods\1.7.10\mod_voxelMap_1.5.13_for_1.7.10.litemod
[18:19:35] [main/INFO]: Adding newest valid mod file 'C:\Users\Admin\Desktop\MultiMC\instances\Solyanka\minecraft\mods\1.7.10\MAtmos_r28b__1.7.10.litemod' at revision 28.0000
[18:19:35] [main/INFO]: Adding newest valid mod file 'C:\Users\Admin\Desktop\MultiMC\instances\Solyanka\minecraft\mods\1.7.10\mod_voxelMap_1.5.13_for_1.7.10.litemod' at revision 1513.0000
[18:19:35] [main/INFO]: Mod file 'mod_voxelMap_1.5.13_for_1.7.10.litemod' provides classTransformer 'com.thevoxelbox.voxelmap.litemod.VoxelMapTransformer', adding to class loader
[18:19:35] [main/INFO]: classTransformer 'com.thevoxelbox.voxelmap.litemod.VoxelMapTransformer' was successfully added
[18:19:35] [main/INFO]: LiteLoader PREINIT complete
[18:19:37] [main/INFO]: Injecting onstartupcomplete[x1] in func_71384_a in Minecraft
[18:19:37] [main/INFO]: Injecting prerenderfbo[x1] in func_71411_J in Minecraft
[18:19:37] [main/INFO]: Injecting postrenderfbo[x1] in func_71411_J in Minecraft
[18:19:37] [main/INFO]: Injecting ontimerupdate[x1] in func_71411_J in Minecraft
[18:19:37] [main/INFO]: Injecting onrender[x1] in func_71411_J in Minecraft
[18:19:37] [main/INFO]: Injecting ontick[x1] in func_71411_J in Minecraft
[18:19:37] [main/INFO]: Injecting shutdown[x1] in func_71400_g in Minecraft
[18:19:37] [main/INFO]: Injecting updateframebuffersize[x1] in func_147119_ah in Minecraft
[18:19:37] [main/INFO]: Injecting newtick[x1] in func_71407_l in Minecraft
[18:19:37] [main/INFO]: Applying overlay com.mumfrey.liteloader.client.overlays.MinecraftOverlay to net.minecraft.client.Minecraft
[18:19:37] [main/INFO]: MinecraftOverlayTransformer found INIT injection point, this is good.
[18:19:37] [main/INFO]: Injecting onoutboundchat[x1] in func_71165_d in EntityClientPlayerMP
[18:19:37] [main/INFO]: Injecting onrenderchat[x1] in func_73830_a in GuiIngame
[18:19:37] [main/INFO]: Injecting postrenderchat[x1] in func_73830_a in GuiIngame
[18:19:37] [main/INFO]: Injecting onc16packetclientstatus[x1] in func_148833_a in C16PacketClientStatus
[18:19:37] [main/INFO]: Injecting onc00handshake[x1] in func_148833_a in C00Handshake
[18:19:37] [main/INFO]: Injecting onc00packetloginstart[x1] in func_148833_a in C00PacketLoginStart
[18:19:38] [main/INFO]: Injecting ons03packettimeupdate[x1] in func_148833_a in S03PacketTimeUpdate
[18:19:40] [main/INFO]: Injecting ons34packetmaps[x1] in func_148833_a in S34PacketMaps
[18:19:41] [Client thread/INFO]: Injecting onc15packetclientsettings[x1] in func_148833_a in C15PacketClientSettings
[18:19:43] [Client thread/INFO]: Injecting renderfbo[x1] in func_147615_c in Framebuffer
[18:19:43] [Client thread/INFO]: Injecting oncreateintegratedserver[x1] in <init> in IntegratedServer
[18:19:44] [Client thread/INFO]: Generating new Event Handler Proxy Class com.mumfrey.liteloader.core.event.EventProxy
[18:19:44] [Client thread/INFO]: Successfully generated event handler proxy class with 20 handlers(s) and 20 total invokations
[18:19:44] [Client thread/INFO]: Injecting ons23packetblockchange[x1] in func_148833_a in S23PacketBlockChange
[18:19:44] [Client thread/INFO]: Injecting constructchunkfrompacket[x1] in func_76607_a in Chunk
[18:19:44] [Client thread/INFO]: Injecting prerendergui[x1] in func_78480_b in EntityRenderer
[18:19:44] [Client thread/INFO]: Injecting onrenderhud[x1] in func_78480_b in EntityRenderer
[18:19:44] [Client thread/INFO]: Injecting postrenderhud[x1] in func_78480_b in EntityRenderer
[18:19:44] [Client thread/INFO]: Injecting onrenderworld[x1] in func_78471_a in EntityRenderer
[18:19:44] [Client thread/INFO]: Injecting onsetupcameratransform[x1] in func_78471_a in EntityRenderer
[18:19:44] [Client thread/INFO]: Injecting postrenderentities[x1] in func_78471_a in EntityRenderer
[18:19:44] [Client thread/INFO]: Injecting postrender[x1] in func_78471_a in EntityRenderer
[18:19:44] [Client thread/INFO]: Injecting postrender[x1] in func_78471_a in EntityRenderer
[18:19:45] [Client thread/INFO]: Injecting ons35packetupdatetileentity[x1] in func_148833_a in S35PacketUpdateTileEntity
[18:19:59] [Client thread/INFO]: Injecting ons19packetentitystatus[x1] in func_148833_a in S19PacketEntityStatus
[18:19:59] [Client thread/INFO]: Injecting ons24packetblockaction[x1] in func_148833_a in S24PacketBlockAction
[18:19:59] [Client thread/INFO]: Injecting ons2apacketparticles[x1] in func_148833_a in S2APacketParticles
[18:19:59] [Client thread/INFO]: Injecting ons2cpacketspawnglobalentity[x1] in func_148833_a in S2CPacketSpawnGlobalEntity
[18:19:59] [Client thread/INFO]: Injecting ons27packetexplosion[x1] in func_148833_a in S27PacketExplosion
[18:19:59] [Client thread/INFO]: Injecting ons2bpacketchangegamestate[x1] in func_148833_a in S2BPacketChangeGameState
[18:20:11] [Client thread/INFO]: JInput Component Registry is initialising...
[18:20:13] [Client thread/INFO]: Inspecting Keyboard controller HID Keyboard Device on Unknown...
[18:20:13] [Client thread/INFO]: Inspecting Mouse controller HID-compliant mouse on Unknown...
[18:20:13] [Client thread/INFO]: Inspecting Unknown controller USB Keyboard on Unknown...
[18:20:13] [Client thread/INFO]: Inspecting Unknown controller USB Keyboard on Unknown...
[18:20:13] [Client thread/INFO]: JInput Component Registry initialised, found 4 controller(s) 147 component(s)
[18:20:13] [Client thread/INFO]: Injecting onc17packetcustompayload[x1] in func_148833_a in C17PacketCustomPayload
[18:20:13] [Client thread/INFO]: Injecting ons3fpacketcustompayload[x1] in func_148833_a in S3FPacketCustomPayload
[18:20:13] [Client thread/INFO]: LiteLoader begin INIT...
[18:20:13] [Client thread/INFO]: Baking listener list for CoreProvider with 2 listeners
[18:20:13] [Client thread/INFO]: Injecting external mods into class path...
[18:20:13] [Client thread/INFO]: Injecting external mods into class path...
[18:20:13] [Client thread/INFO]: Successfully injected mod file 'C:\Users\Admin\Desktop\MultiMC\instances\Solyanka\minecraft\mods\1.7.10\MAtmos_r28b__1.7.10.litemod' into classpath
[18:20:13] [Client thread/INFO]: Discovering mods on class path...
[18:20:13] [Client thread/INFO]: Searching C:\Users\Admin\Desktop\MultiMC\jars\NewLaunch.jar...
[18:20:13] [Client thread/INFO]: Discovering mods in valid mod files...
[18:20:13] [Client thread/INFO]: Discovering mods in valid mod files...
[18:20:13] [Client thread/INFO]: Searching C:\Users\Admin\Desktop\MultiMC\instances\Solyanka\minecraft\mods\1.7.10\MAtmos_r28b__1.7.10.litemod...
[18:20:13] [Client thread/INFO]: Found 1 potential matches
[18:20:13] [Client thread/INFO]: Searching C:\Users\Admin\Desktop\MultiMC\instances\Solyanka\minecraft\mods\1.7.10\mod_voxelMap_1.5.13_for_1.7.10.litemod...
[18:20:13] [Client thread/INFO]: Found 1 potential matches
[18:20:13] [Client thread/INFO]: Mod class discovery completed
[18:20:13] [Client thread/INFO]: LiteLoader begin POSTINIT...
[18:20:14] [Client thread/INFO]: Inhibiting sound handler reload
[18:20:14] [Client thread/INFO]: Registering interface provider com.mumfrey.liteloader.client.ClientEvents for API LiteLoader core API
[18:20:14] [Client thread/INFO]: Injecting onc01packetchatmessage[x1] in func_148833_a in C01PacketChatMessage
[18:20:14] [Client thread/INFO]: Injecting onplayerlogin[x1] in func_72377_c in ServerConfigurationManager
[18:20:14] [Client thread/INFO]: Injecting onplayerlogout[x1] in func_72367_e in ServerConfigurationManager
[18:20:14] [Client thread/INFO]: Injecting onspawnplayer[x1] in func_148545_a in ServerConfigurationManager
[18:20:14] [Client thread/INFO]: Injecting onrespawnplayer[x1] in func_72368_a in ServerConfigurationManager
[18:20:14] [Client thread/INFO]: Registering interface provider com.mumfrey.liteloader.client.PacketEventsClient for API LiteLoader core API
[18:20:14] [Client thread/INFO]: Injecting ons01packetjoingame[x1] in func_148833_a in S01PacketJoinGame
[18:20:14] [Client thread/INFO]: Injecting ons02packetchat[x1] in func_148833_a in S02PacketChat
[18:20:14] [Client thread/INFO]: Injecting ons02packetloginsuccess[x1] in func_148833_a in S02PacketLoginSuccess
[18:20:14] [Client thread/INFO]: Registering interface provider com.mumfrey.liteloader.client.ClientPluginChannelsClient for API LiteLoader core API
[18:20:14] [Client thread/INFO]: Registering interface provider com.mumfrey.liteloader.core.ServerPluginChannels for API LiteLoader core API
[18:20:14] [Client thread/INFO]: Registering interface provider com.mumfrey.liteloader.messaging.MessageBus for API LiteLoader core API
[18:20:14] [Client thread/INFO]: Discovered 2 total mod(s), injected 0 tweak(s)
[18:20:14] [Client thread/INFO]: Loading mod from eu.ha3.matmos.game.mod.LiteModMAtmos
[18:20:14] [Client thread/INFO]: Baking listener list for ModLoadObserver with 0 listeners
[18:20:14] [Client thread/INFO]: Successfully added mod MAtmos version r28 for 1.7.10
[18:20:14] [Client thread/INFO]: Adding "C:\Users\Admin\Desktop\MultiMC\instances\Solyanka\minecraft\mods\1.7.10\MAtmos_r28b__1.7.10.litemod" to active resource pack set
[18:20:14] [Client thread/INFO]: Setting up "MAtmos_r28b__1.7.10.litemod" as mod resource pack with identifier "MAtmos"
[18:20:14] [Client thread/INFO]: Successfully added "C:\Users\Admin\Desktop\MultiMC\instances\Solyanka\minecraft\mods\1.7.10\MAtmos_r28b__1.7.10.litemod" to active resource pack set
[18:20:14] [Client thread/INFO]: Loading mod from com.thevoxelbox.voxelmap.litemod.LiteModVoxelMap
[18:20:14] [Client thread/INFO]: Successfully added mod VoxelMap version 1.5.13
[18:20:14] [Client thread/INFO]: Adding "C:\Users\Admin\Desktop\MultiMC\instances\Solyanka\minecraft\mods\1.7.10\mod_voxelMap_1.5.13_for_1.7.10.litemod" to active resource pack set
[18:20:14] [Client thread/INFO]: Setting up "mod_voxelMap_1.5.13_for_1.7.10.litemod" as mod resource pack with identifier "VoxelMap"
[18:20:14] [Client thread/INFO]: Successfully added "C:\Users\Admin\Desktop\MultiMC\instances\Solyanka\minecraft\mods\1.7.10\mod_voxelMap_1.5.13_for_1.7.10.litemod" to active resource pack set
[18:20:14] [Client thread/INFO]: Initialising mod MAtmos version r28 for 1.7.10
[18:20:14] [Client thread/INFO]: Initialising mod VoxelMap version 1.5.13
[18:20:14] [Client thread/INFO]: Baking listener list for InterfaceObserver with 0 listeners
[18:20:34] [Client thread/INFO]: Calling late init for mod MAtmos
[18:20:35] [Client thread/INFO]: Calling late init for mod VoxelMap
[18:20:37] [Client thread/INFO]: Baking listener list for ViewportListener with 0 listeners
[18:20:37] [Client thread/INFO]: Sound handler reload inhibit removed
[18:20:37] [Client thread/INFO]: Reloading sound handler
[18:20:38] [Client thread/INFO]: Baking listener list for GameLoopListener with 0 listeners
[18:20:38] [Client thread/INFO]: Baking listener list for RenderListener with 0 listeners
[18:20:39] [Client thread/INFO]: Generating new Event Handler Proxy Class com.mumfrey.liteloader.core.event.EventProxy$2
[18:20:39] [Client thread/INFO]: Successfully generated event handler proxy class with 27 handlers(s) and 27 total invokations
[18:20:39] [Client thread/INFO]: Baking listener list for TickObserver with 3 listeners
[18:20:39] [Client thread/INFO]: Baking listener list for PostRenderObserver with 3 listeners
[18:20:39] [Client thread/INFO]: Baking listener list for Tickable with 2 listeners
[18:20:39] [Client thread/INFO]: Baking listener list for WorldObserver with 2 listeners
[18:20:39] [Client thread/INFO]: Baking listener list for FrameBufferListener with 0 listeners
[18:23:18] [Client thread/INFO]: LiteLoader is shutting down, shutting down core providers and syncing configuration
[18:23:18] [Client thread/INFO]: Baking listener list for ShutdownObserver with 2 listeners
