[21:13:12] [main/INFO]: Setting user: bmoe15
[21:13:15] [Client thread/INFO]: LWJGL Version: 2.9.1
[21:13:25] [Client thread/INFO]: Reloading ResourceManager: Default, FMLFileResourcePack:Forge Mod Loader, FMLFileResourcePack:Minecraft Forge, FMLFileResourcePack:Biomes O' Plenty, FMLFileResourcePack:Hardcore Darkness, FMLFileResourcePack:Thaumcraft, FMLFileResourcePack:Baubles, msi_conversion.zip
[21:13:34] [Client thread/WARN]: File minecraft:sounds/matmos_interactions/jumpina.ogg does not exist, cannot add it to event minecraft:matmos_interactions.jumpina
[21:13:34] [Client thread/WARN]: File minecraft:sounds/matmos_msi/cave/woodb.ogg does not exist, cannot add it to event minecraft:matmos_msi.cave.woodb
[21:13:34] [Client thread/WARN]: File minecraft:sounds/matmos_msi/cave/woodc.ogg does not exist, cannot add it to event minecraft:matmos_msi.cave.woodc
[21:13:34] [Sound Library Loader/INFO]: Sound engine started
[21:13:43] [Client thread/INFO]: Created: 1024x512 textures/blocks-atlas
[21:13:44] [Client thread/INFO]: Created: 512x512 textures/items-atlas
[21:13:46] [Client thread/INFO]: Reloading ResourceManager: Default, FMLFileResourcePack:Forge Mod Loader, FMLFileResourcePack:Minecraft Forge, FMLFileResourcePack:Biomes O' Plenty, FMLFileResourcePack:Hardcore Darkness, FMLFileResourcePack:Thaumcraft, FMLFileResourcePack:Baubles, LiteLoader, MAtmos, VoxelMap, msi_conversion.zip
[21:13:48] [Client thread/INFO]: Created: 1024x512 textures/blocks-atlas
[21:13:49] [Client thread/INFO]: Created: 512x512 textures/items-atlas
[21:13:50] [Client thread/INFO]: Reloading ResourceManager: Default, FMLFileResourcePack:Forge Mod Loader, FMLFileResourcePack:Minecraft Forge, FMLFileResourcePack:Biomes O' Plenty, FMLFileResourcePack:Hardcore Darkness, FMLFileResourcePack:Thaumcraft, FMLFileResourcePack:Baubles, LiteLoader, MAtmos, VoxelMap, msi_conversion.zip
[21:13:52] [Client thread/INFO]: Created: 1024x512 textures/blocks-atlas
[21:13:52] [Client thread/INFO]: Created: 512x512 textures/items-atlas
[21:13:55] [Client thread/WARN]: File minecraft:sounds/matmos_interactions/jumpina.ogg does not exist, cannot add it to event minecraft:matmos_interactions.jumpina
[21:13:55] [Client thread/WARN]: File minecraft:sounds/matmos_msi/cave/woodb.ogg does not exist, cannot add it to event minecraft:matmos_msi.cave.woodb
[21:13:55] [Client thread/WARN]: File minecraft:sounds/matmos_msi/cave/woodc.ogg does not exist, cannot add it to event minecraft:matmos_msi.cave.woodc
[21:13:55] [Sound Library Loader/INFO]: Sound engine started
[21:14:30] [Server thread/INFO]: Starting integrated minecraft server version 1.7.10
[21:14:30] [Server thread/INFO]: Generating keypair
[21:14:31] [Server thread/INFO]: Preparing start region for level 0
[21:14:32] [Server thread/INFO]: Preparing spawn area: 13%
[21:14:33] [Server thread/INFO]: Preparing spawn area: 68%
[21:14:33] [Server thread/INFO]: Changing view distance to 6, from 10
[21:14:35] [Server thread/INFO]: bmoe15[local:E:290c2734] logged in with entity id 311 at (-114.44040515981553, 75.0, -328.53063839527067)
[21:14:35] [Server thread/INFO]: bmoe15 присоединился к игре
[21:14:38] [Client thread/INFO]: [CHAT] §ENo waypoints exist for this world/server.
[21:14:38] [Server thread/WARN]: Can't keep up! Did the system time change, or is the server overloaded? Running 3879ms behind, skipping 77 tick(s)
[21:14:40] [Client thread/WARN]: Unable to play unknown soundEvent: minecraft:matmos_hl.cave.rumble
[21:14:49] [Server thread/INFO]: Saving and pausing game...
[21:14:49] [Server thread/INFO]: Saving chunks for level 'Новый мир'/Overworld
[21:14:49] [Server thread/INFO]: Saving chunks for level 'Новый мир'/Nether
[21:14:49] [Server thread/INFO]: Saving chunks for level 'Новый мир'/The End
[21:14:49] [Server thread/INFO]: Saving chunks for level 'Новый мир'/The Outer Lands
[21:14:49] [Server thread/INFO]: Stopping server
[21:14:49] [Server thread/INFO]: Saving players
[21:14:49] [Server thread/INFO]: Saving worlds
[21:14:49] [Server thread/INFO]: Saving chunks for level 'Новый мир'/Overworld
[21:14:49] [Server thread/INFO]: Saving chunks for level 'Новый мир'/Nether
[21:14:49] [Server thread/INFO]: Saving chunks for level 'Новый мир'/The End
[21:14:49] [Server thread/INFO]: Saving chunks for level 'Новый мир'/The Outer Lands
[21:14:57] [Server thread/INFO]: Starting integrated minecraft server version 1.7.10
[21:14:57] [Server thread/INFO]: Generating keypair
[21:14:57] [Server thread/INFO]: Converting map!
[21:14:57] [Server thread/INFO]: Scanning folders...
[21:14:57] [Server thread/INFO]: Total conversion count is 0
[21:14:58] [Server thread/INFO]: Preparing start region for level 0
[21:14:59] [Server thread/INFO]: Preparing spawn area: 5%
[21:15:00] [Server thread/INFO]: Preparing spawn area: 12%
[21:15:01] [Server thread/INFO]: Preparing spawn area: 19%
[21:15:02] [Server thread/INFO]: Preparing spawn area: 26%
[21:15:03] [Server thread/INFO]: Preparing spawn area: 33%
[21:15:04] [Server thread/INFO]: Preparing spawn area: 41%
[21:15:05] [Server thread/INFO]: Preparing spawn area: 50%
[21:15:06] [Server thread/INFO]: Preparing spawn area: 57%
[21:15:07] [Server thread/INFO]: Preparing spawn area: 63%
[21:15:08] [Server thread/INFO]: Preparing spawn area: 73%
[21:15:09] [Server thread/INFO]: Preparing spawn area: 82%
[21:15:10] [Server thread/INFO]: Preparing spawn area: 91%
[21:15:11] [Server thread/INFO]: Changing view distance to 6, from 10
[21:15:12] [Server thread/INFO]: bmoe15[local:E:1f00eae2] logged in with entity id 751 at (182.5, 116.0, 257.5)
[21:15:12] [Server thread/INFO]: bmoe15 присоединился к игре
[21:15:13] [Server thread/INFO]: Saving and pausing game...
[21:15:13] [Server thread/INFO]: Saving chunks for level 'Новый мир'/Overworld
[21:15:16] [Server thread/INFO]: Saving chunks for level 'Новый мир'/Nether
[21:15:16] [Server thread/INFO]: Saving chunks for level 'Новый мир'/The End
[21:15:16] [Server thread/INFO]: Saving chunks for level 'Новый мир'/The Outer Lands
[21:15:19] [Server thread/WARN]: Can't keep up! Did the system time change, or is the server overloaded? Running 6208ms behind, skipping 124 tick(s)
[21:15:22] [Client thread/INFO]: Warning: Clientside chunk ticking took 109 ms
[21:15:22] [Client thread/INFO]: Warning: Clientside chunk ticking took 135 ms
[21:15:23] [Client thread/INFO]: Warning: Clientside chunk ticking took 104 ms
[21:15:23] [Client thread/INFO]: Warning: Clientside chunk ticking took 140 ms
[21:15:23] [Client thread/INFO]: Warning: Clientside chunk ticking took 119 ms
[21:15:23] [Client thread/INFO]: Warning: Clientside chunk ticking took 134 ms
[21:15:30] [Client thread/INFO]: Warning: Clientside chunk ticking took 110 ms
[21:15:31] [Client thread/INFO]: Warning: Clientside chunk ticking took 127 ms
[21:15:31] [Server thread/INFO]: Saving and pausing game...
[21:15:31] [Server thread/INFO]: Saving chunks for level 'Новый мир'/Overworld
[21:15:32] [Server thread/INFO]: Saving chunks for level 'Новый мир'/Nether
[21:15:32] [Server thread/INFO]: Saving chunks for level 'Новый мир'/The End
[21:15:32] [Server thread/INFO]: Saving chunks for level 'Новый мир'/The Outer Lands
[21:15:34] [Client thread/INFO]: Warning: Clientside chunk ticking took 105 ms
[21:16:15] [Client thread/WARN]: Unable to play unknown soundEvent: minecraft:matmos_hl.water.lake
[21:16:15] [Client thread/WARN]: Unable to play unknown soundEvent: minecraft:matmos_hl.water.lake
[21:16:20] [Client thread/INFO]: Warning: Clientside chunk ticking took 105 ms
[21:16:21] [Client thread/WARN]: Unable to play unknown soundEvent: minecraft:matmos_hl.water.lake
[21:16:21] [Client thread/WARN]: Unable to play unknown soundEvent: minecraft:matmos_hl.water.lake
[21:16:27] [Client thread/WARN]: Unable to play unknown soundEvent: minecraft:matmos_hl.water.lake
[21:16:27] [Client thread/WARN]: Unable to play unknown soundEvent: minecraft:matmos_hl.water.lake
[21:17:00] [Server thread/INFO]: Saving and pausing game...
[21:17:00] [Server thread/INFO]: Saving chunks for level 'Новый мир'/Overworld
[21:17:00] [Server thread/INFO]: Saving chunks for level 'Новый мир'/Nether
[21:17:00] [Server thread/INFO]: Saving chunks for level 'Новый мир'/The End
[21:17:00] [Server thread/INFO]: Saving chunks for level 'Новый мир'/The Outer Lands
[21:17:13] [Server thread/INFO]: Saving and pausing game...
[21:17:13] [Server thread/INFO]: Saving chunks for level 'Новый мир'/Overworld
[21:17:13] [Server thread/INFO]: Saving chunks for level 'Новый мир'/Nether
[21:17:13] [Server thread/INFO]: Saving chunks for level 'Новый мир'/The End
[21:17:13] [Server thread/INFO]: Saving chunks for level 'Новый мир'/The Outer Lands
[21:17:43] [Server thread/INFO]: bmoe15 заработал достижение [Проверить карманы]
[21:17:43] [Client thread/INFO]: [CHAT] bmoe15 заработал достижение [Проверить карманы]
[21:17:48] [Client thread/WARN]: Unable to play unknown soundEvent: minecraft:matmos_interactions.sword_draw
[21:17:49] [Client thread/WARN]: Unable to play unknown soundEvent: minecraft:matmos_interactions.sword_attack_a
[21:17:49] [Client thread/WARN]: Unable to play unknown soundEvent: minecraft:matmos_interactions.sword_attack_b
[21:17:49] [Client thread/WARN]: Unable to play unknown soundEvent: minecraft:matmos_interactions.sword_attack_g
[21:17:49] [Client thread/WARN]: Unable to play unknown soundEvent: minecraft:matmos_interactions.sword_attack_f
[21:17:50] [Client thread/WARN]: Unable to play unknown soundEvent: minecraft:matmos_interactions.sword_attack_h
[21:17:51] [Client thread/WARN]: Unable to play unknown soundEvent: minecraft:matmos_interactions.sword_attack_a
[21:17:51] [Client thread/WARN]: Unable to play unknown soundEvent: minecraft:matmos_interactions.sword_attack_f
[21:17:51] [Client thread/WARN]: Unable to play unknown soundEvent: minecraft:matmos_interactions.sword_attack_b
[21:17:52] [Client thread/WARN]: Unable to play unknown soundEvent: minecraft:matmos_interactions.sword_attack_a
[21:17:52] [Client thread/WARN]: Unable to play unknown soundEvent: minecraft:matmos_interactions.sword_attack_e
[21:17:52] [Client thread/WARN]: Unable to play unknown soundEvent: minecraft:matmos_interactions.sword_attack_d
[21:17:53] [Client thread/WARN]: Unable to play unknown soundEvent: minecraft:matmos_interactions.sword_attack_g
[21:17:53] [Client thread/WARN]: Unable to play unknown soundEvent: minecraft:matmos_interactions.sword_attack_a
[21:17:54] [Client thread/WARN]: Unable to play unknown soundEvent: minecraft:matmos_interactions.sword_attack_g
[21:17:55] [Client thread/WARN]: Unable to play unknown soundEvent: minecraft:matmos_interactions.sword_attack_a
[21:17:55] [Client thread/WARN]: Unable to play unknown soundEvent: minecraft:matmos_interactions.sword_attack_d
[21:17:56] [Client thread/WARN]: Unable to play unknown soundEvent: minecraft:matmos_interactions.sword_attack_e
[21:17:56] [Client thread/WARN]: Unable to play unknown soundEvent: minecraft:matmos_interactions.sword_attack_b
[21:17:56] [Client thread/WARN]: Unable to play unknown soundEvent: minecraft:matmos_interactions.sword_attack_c
[21:17:57] [Client thread/WARN]: Unable to play unknown soundEvent: minecraft:matmos_interactions.sword_attack_e
[21:17:57] [Client thread/WARN]: Unable to play unknown soundEvent: minecraft:matmos_interactions.sword_attack_i
[21:17:57] [Client thread/WARN]: Unable to play unknown soundEvent: minecraft:matmos_interactions.sword_attack_e
[21:17:58] [Client thread/WARN]: Unable to play unknown soundEvent: minecraft:matmos_interactions.sword_attack_g
[21:17:58] [Client thread/WARN]: Unable to play unknown soundEvent: minecraft:matmos_interactions.sword_attack_b
[21:17:59] [Client thread/WARN]: Unable to play unknown soundEvent: minecraft:matmos_interactions.sword_attack_e
[21:17:59] [Client thread/WARN]: Unable to play unknown soundEvent: minecraft:matmos_interactions.sword_attack_a
[21:18:00] [Client thread/WARN]: Unable to play unknown soundEvent: minecraft:matmos_interactions.sword_attack_b
[21:18:01] [Client thread/WARN]: Unable to play unknown soundEvent: minecraft:matmos_interactions.sword_attack_c
[21:18:01] [Client thread/WARN]: Unable to play unknown soundEvent: minecraft:matmos_interactions.sword_attack_g
[21:18:02] [Client thread/WARN]: Unable to play unknown soundEvent: minecraft:matmos_interactions.sword_attack_i
[21:18:02] [Client thread/WARN]: Unable to play unknown soundEvent: minecraft:matmos_interactions.sword_attack_i
[21:18:02] [Client thread/WARN]: Unable to play unknown soundEvent: minecraft:matmos_interactions.sword_attack_b
[21:18:04] [Client thread/WARN]: Unable to play unknown soundEvent: minecraft:matmos_interactions.sword_attack_f
[21:18:04] [Client thread/WARN]: Unable to play unknown soundEvent: minecraft:matmos_interactions.sword_attack_h
[21:18:06] [Client thread/WARN]: Unable to play unknown soundEvent: minecraft:matmos_interactions.sword_attack_f
[21:18:06] [Client thread/WARN]: Unable to play unknown soundEvent: minecraft:matmos_interactions.sword_attack_f
[21:18:07] [Client thread/WARN]: Unable to play unknown soundEvent: minecraft:matmos_interactions.sword_attack_f
[21:18:07] [Client thread/WARN]: Unable to play unknown soundEvent: minecraft:matmos_interactions.sword_attack_a
[21:18:07] [Client thread/WARN]: Unable to play unknown soundEvent: minecraft:matmos_interactions.sword_attack_a
[21:18:08] [Client thread/WARN]: Unable to play unknown soundEvent: minecraft:matmos_interactions.sword_attack_b
[21:18:08] [Client thread/WARN]: Unable to play unknown soundEvent: minecraft:matmos_interactions.sword_attack_f
[21:18:08] [Client thread/WARN]: Unable to play unknown soundEvent: minecraft:matmos_interactions.sword_attack_h
[21:18:10] [Client thread/WARN]: Unable to play unknown soundEvent: minecraft:matmos_interactions.sword_attack_h
[21:18:10] [Client thread/WARN]: Unable to play unknown soundEvent: minecraft:matmos_interactions.sword_attack_g
[21:18:11] [Client thread/WARN]: Unable to play unknown soundEvent: minecraft:matmos_interactions.sword_attack_i
[21:18:12] [Client thread/WARN]: Unable to play unknown soundEvent: minecraft:matmos_interactions.sword_attack_h
[21:18:13] [Client thread/WARN]: Unable to play unknown soundEvent: minecraft:matmos_interactions.sword_attack_d
[21:18:14] [Client thread/WARN]: Unable to play unknown soundEvent: minecraft:matmos_interactions.sword_attack_d
[21:18:14] [Client thread/WARN]: Unable to play unknown soundEvent: minecraft:matmos_interactions.sword_attack_g
[21:18:15] [Client thread/WARN]: Unable to play unknown soundEvent: minecraft:matmos_interactions.sword_attack_b
[21:18:15] [Client thread/WARN]: Unable to play unknown soundEvent: minecraft:matmos_interactions.sword_attack_g
[21:18:15] [Client thread/WARN]: Unable to play unknown soundEvent: minecraft:matmos_interactions.sword_attack_g
[21:18:16] [Client thread/WARN]: Unable to play unknown soundEvent: minecraft:matmos_hl.water.lake
[21:18:16] [Client thread/WARN]: Unable to play unknown soundEvent: minecraft:matmos_hl.water.lake
[21:18:16] [Client thread/WARN]: Unable to play unknown soundEvent: minecraft:matmos_interactions.sword_attack_i
[21:18:16] [Client thread/WARN]: Unable to play unknown soundEvent: minecraft:matmos_interactions.sword_attack_b
[21:18:16] [Client thread/WARN]: Unable to play unknown soundEvent: minecraft:matmos_interactions.sword_attack_h
[21:18:17] [Client thread/WARN]: Unable to play unknown soundEvent: minecraft:matmos_interactions.sword_attack_c
[21:18:17] [Client thread/WARN]: Unable to play unknown soundEvent: minecraft:matmos_interactions.sword_attack_i
[21:18:19] [Client thread/WARN]: Unable to play unknown soundEvent: minecraft:matmos_interactions.sword_attack_g
[21:18:19] [Client thread/WARN]: Unable to play unknown soundEvent: minecraft:matmos_interactions.sword_attack_h
[21:18:19] [Client thread/WARN]: Unable to play unknown soundEvent: minecraft:matmos_interactions.sword_attack_d
[21:18:20] [Client thread/WARN]: Unable to play unknown soundEvent: minecraft:matmos_interactions.sword_attack_i
[21:18:20] [Client thread/WARN]: Unable to play unknown soundEvent: minecraft:matmos_interactions.sword_attack_d
[21:18:21] [Client thread/WARN]: Unable to play unknown soundEvent: minecraft:matmos_interactions.sword_attack_b
[21:18:22] [Client thread/WARN]: Unable to play unknown soundEvent: minecraft:matmos_interactions.sword_attack_d
[21:18:22] [Client thread/WARN]: Unable to play unknown soundEvent: minecraft:matmos_interactions.sword_attack_b
[21:18:22] [Client thread/WARN]: Unable to play unknown soundEvent: minecraft:matmos_interactions.sword_attack_h
[21:18:22] [Client thread/WARN]: Unable to play unknown soundEvent: minecraft:matmos_interactions.sword_attack_i
[21:18:23] [Client thread/WARN]: Unable to play unknown soundEvent: minecraft:matmos_interactions.sword_attack_h
[21:18:23] [Client thread/WARN]: Unable to play unknown soundEvent: minecraft:matmos_interactions.sword_attack_g
[21:18:23] [Client thread/WARN]: Unable to play unknown soundEvent: minecraft:matmos_interactions.sword_attack_g
[21:18:23] [Client thread/WARN]: Unable to play unknown soundEvent: minecraft:matmos_interactions.sword_attack_c
[21:18:24] [Client thread/WARN]: Unable to play unknown soundEvent: minecraft:matmos_interactions.sword_attack_g
[21:18:24] [Client thread/WARN]: Unable to play unknown soundEvent: minecraft:matmos_interactions.sword_attack_b
[21:18:25] [Client thread/WARN]: Unable to play unknown soundEvent: minecraft:matmos_interactions.sword_attack_g
[21:18:25] [Client thread/WARN]: Unable to play unknown soundEvent: minecraft:matmos_interactions.sword_attack_e
[21:18:26] [Client thread/WARN]: Unable to play unknown soundEvent: minecraft:matmos_interactions.sword_attack_a
[21:18:26] [Client thread/WARN]: Unable to play unknown soundEvent: minecraft:matmos_interactions.sword_attack_f
[21:18:33] [Client thread/WARN]: Unable to play unknown soundEvent: minecraft:matmos_interactions.sword_attack_b
[21:18:33] [Client thread/WARN]: Unable to play unknown soundEvent: minecraft:matmos_interactions.sword_attack_e
[21:18:35] [Client thread/WARN]: Unable to play unknown soundEvent: minecraft:matmos_interactions.sword_attack_d
[21:18:36] [Client thread/WARN]: Unable to play unknown soundEvent: minecraft:matmos_interactions.sword_attack_d
[21:18:37] [Client thread/WARN]: Unable to play unknown soundEvent: minecraft:matmos_interactions.sword_attack_h
[21:18:37] [Client thread/WARN]: Unable to play unknown soundEvent: minecraft:matmos_interactions.sword_attack_b
[21:18:38] [Client thread/WARN]: Unable to play unknown soundEvent: minecraft:matmos_interactions.sword_attack_h
[21:18:38] [Client thread/WARN]: Unable to play unknown soundEvent: minecraft:matmos_interactions.sword_attack_c
[21:18:39] [Client thread/WARN]: Unable to play unknown soundEvent: minecraft:matmos_interactions.sword_attack_d
[21:18:39] [Client thread/WARN]: Unable to play unknown soundEvent: minecraft:matmos_interactions.sword_attack_i
[21:18:39] [Client thread/WARN]: Unable to play unknown soundEvent: minecraft:matmos_interactions.sword_attack_d
[21:18:40] [Client thread/WARN]: Unable to play unknown soundEvent: minecraft:matmos_interactions.sword_attack_i
[21:18:40] [Client thread/WARN]: Unable to play unknown soundEvent: minecraft:matmos_interactions.sword_attack_b
[21:18:41] [Client thread/WARN]: Unable to play unknown soundEvent: minecraft:matmos_interactions.sword_attack_h
[21:18:43] [Client thread/WARN]: Unable to play unknown soundEvent: minecraft:matmos_interactions.sword_attack_e
[21:18:44] [Client thread/WARN]: Unable to play unknown soundEvent: minecraft:matmos_interactions.sword_attack_h
[21:18:45] [Client thread/WARN]: Unable to play unknown soundEvent: minecraft:matmos_interactions.sword_attack_h
[21:18:45] [Client thread/WARN]: Unable to play unknown soundEvent: minecraft:matmos_interactions.sword_attack_f
[21:18:46] [Client thread/WARN]: Unable to play unknown soundEvent: minecraft:matmos_interactions.sword_attack_e
[21:18:46] [Client thread/WARN]: Unable to play unknown soundEvent: minecraft:matmos_interactions.sword_attack_h
[21:18:47] [Client thread/WARN]: Unable to play unknown soundEvent: minecraft:matmos_interactions.sword_attack_f
[21:18:47] [Client thread/WARN]: Unable to play unknown soundEvent: minecraft:matmos_interactions.sword_attack_b
[21:18:48] [Client thread/WARN]: Unable to play unknown soundEvent: minecraft:matmos_interactions.sword_attack_i
[21:18:48] [Client thread/WARN]: Unable to play unknown soundEvent: minecraft:matmos_interactions.sword_attack_d
[21:18:49] [Client thread/WARN]: Unable to play unknown soundEvent: minecraft:matmos_interactions.sword_attack_f
[21:18:49] [Client thread/WARN]: Unable to play unknown soundEvent: minecraft:matmos_interactions.sword_attack_c
[21:18:50] [Client thread/WARN]: Unable to play unknown soundEvent: minecraft:matmos_interactions.sword_attack_a
[21:18:50] [Client thread/WARN]: Unable to play unknown soundEvent: minecraft:matmos_interactions.sword_attack_g
[21:18:50] [Client thread/WARN]: Unable to play unknown soundEvent: minecraft:matmos_interactions.sword_attack_c
[21:18:51] [Client thread/WARN]: Unable to play unknown soundEvent: minecraft:matmos_interactions.sword_attack_d
[21:18:51] [Client thread/WARN]: Unable to play unknown soundEvent: minecraft:matmos_interactions.sword_attack_g
[21:18:52] [Client thread/WARN]: Unable to play unknown soundEvent: minecraft:matmos_interactions.sword_attack_c
[21:18:52] [Client thread/WARN]: Unable to play unknown soundEvent: minecraft:matmos_interactions.sword_attack_a
[21:18:53] [Client thread/WARN]: Unable to play unknown soundEvent: minecraft:matmos_interactions.sword_attack_b
[21:18:53] [Client thread/WARN]: Unable to play unknown soundEvent: minecraft:matmos_interactions.sword_attack_e
[21:18:55] [Client thread/WARN]: Unable to play unknown soundEvent: minecraft:matmos_interactions.sword_attack_a
[21:18:55] [Client thread/WARN]: Unable to play unknown soundEvent: minecraft:matmos_interactions.sword_attack_h
[21:18:56] [Client thread/WARN]: Unable to play unknown soundEvent: minecraft:matmos_interactions.sword_attack_g
[21:18:56] [Client thread/WARN]: Unable to play unknown soundEvent: minecraft:matmos_interactions.sword_attack_e
[21:18:56] [Client thread/WARN]: Unable to play unknown soundEvent: minecraft:matmos_interactions.sword_attack_g
[21:18:57] [Client thread/WARN]: Unable to play unknown soundEvent: minecraft:matmos_interactions.sword_attack_g
[21:18:58] [Client thread/WARN]: Unable to play unknown soundEvent: minecraft:matmos_interactions.sword_attack_a
[21:18:58] [Client thread/WARN]: Unable to play unknown soundEvent: minecraft:matmos_interactions.sword_attack_a
[21:18:58] [Client thread/WARN]: Unable to play unknown soundEvent: minecraft:matmos_interactions.sword_attack_h
[21:18:59] [Client thread/WARN]: Unable to play unknown soundEvent: minecraft:matmos_interactions.sword_attack_c
[21:18:59] [Client thread/WARN]: Unable to play unknown soundEvent: minecraft:matmos_interactions.sword_attack_b
[21:19:01] [Client thread/WARN]: Unable to play unknown soundEvent: minecraft:matmos_interactions.sword_attack_d
[21:19:02] [Client thread/WARN]: Unable to play unknown soundEvent: minecraft:matmos_interactions.sword_attack_i
[21:19:03] [Client thread/WARN]: Unable to play unknown soundEvent: minecraft:matmos_interactions.sword_attack_a
[21:19:03] [Client thread/WARN]: Unable to play unknown soundEvent: minecraft:matmos_interactions.sword_attack_c
[21:19:03] [Client thread/WARN]: Unable to play unknown soundEvent: minecraft:matmos_interactions.sword_attack_c
[21:19:03] [Client thread/WARN]: Unable to play unknown soundEvent: minecraft:matmos_interactions.sword_attack_h
[21:19:06] [Client thread/WARN]: Unable to play unknown soundEvent: minecraft:matmos_interactions.sword_attack_i
[21:19:06] [Client thread/WARN]: Unable to play unknown soundEvent: minecraft:matmos_interactions.sword_attack_i
[21:19:06] [Client thread/WARN]: Unable to play unknown soundEvent: minecraft:matmos_interactions.sword_attack_a
[21:19:06] [Client thread/WARN]: Unable to play unknown soundEvent: minecraft:matmos_interactions.sword_attack_b
[21:19:07] [Client thread/WARN]: Unable to play unknown soundEvent: minecraft:matmos_interactions.sword_attack_g
[21:19:09] [Client thread/WARN]: Unable to play unknown soundEvent: minecraft:matmos_interactions.sword_attack_a
[21:19:09] [Client thread/WARN]: Unable to play unknown soundEvent: minecraft:matmos_interactions.sword_attack_g
[21:19:10] [Client thread/WARN]: Unable to play unknown soundEvent: minecraft:matmos_interactions.sword_attack_h
[21:19:11] [Client thread/WARN]: Unable to play unknown soundEvent: minecraft:matmos_interactions.sword_attack_c
[21:19:11] [Client thread/WARN]: Unable to play unknown soundEvent: minecraft:matmos_interactions.sword_attack_e
[21:19:12] [Client thread/WARN]: Unable to play unknown soundEvent: minecraft:matmos_interactions.sword_attack_g
[21:19:13] [Client thread/WARN]: Unable to play unknown soundEvent: minecraft:matmos_interactions.sword_attack_f
[21:19:14] [Client thread/WARN]: Unable to play unknown soundEvent: minecraft:matmos_interactions.sword_attack_e
[21:19:14] [Client thread/WARN]: Unable to play unknown soundEvent: minecraft:matmos_interactions.sword_attack_d
[21:19:15] [Client thread/WARN]: Unable to play unknown soundEvent: minecraft:matmos_interactions.sword_attack_g
[21:19:15] [Client thread/WARN]: Unable to play unknown soundEvent: minecraft:matmos_interactions.sword_attack_g
[21:19:15] [Client thread/WARN]: Unable to play unknown soundEvent: minecraft:matmos_interactions.sword_attack_e
[21:19:16] [Client thread/WARN]: Unable to play unknown soundEvent: minecraft:matmos_interactions.sword_attack_e
[21:19:17] [Client thread/WARN]: Unable to play unknown soundEvent: minecraft:matmos_interactions.sword_attack_f
[21:19:52] [Server thread/INFO]: Saving and pausing game...
[21:19:52] [Server thread/INFO]: Saving chunks for level 'Новый мир'/Overworld
[21:19:52] [Server thread/INFO]: Saving chunks for level 'Новый мир'/Nether
[21:19:52] [Server thread/INFO]: Saving chunks for level 'Новый мир'/The End
[21:19:52] [Server thread/INFO]: Saving chunks for level 'Новый мир'/The Outer Lands
[21:19:52] [Server thread/INFO]: Stopping server
[21:19:52] [Server thread/INFO]: Saving players
[21:19:52] [Server thread/INFO]: Saving worlds
[21:19:52] [Server thread/INFO]: Saving chunks for level 'Новый мир'/Overworld
[21:19:52] [Server thread/INFO]: Saving chunks for level 'Новый мир'/Nether
[21:19:52] [Server thread/INFO]: Saving chunks for level 'Новый мир'/The End
[21:19:52] [Server thread/INFO]: Saving chunks for level 'Новый мир'/The Outer Lands
[21:19:56] [Client thread/INFO]: Deleting level Новый мир-
[21:19:56] [Client thread/INFO]: Attempt 1...
[21:19:58] [Client thread/INFO]: Deleting level Новый мир
[21:19:58] [Client thread/INFO]: Attempt 1...
[21:20:06] [Server thread/INFO]: Starting integrated minecraft server version 1.7.10
[21:20:06] [Server thread/INFO]: Generating keypair
[21:20:07] [Server thread/INFO]: Converting map!
[21:20:07] [Server thread/INFO]: Scanning folders...
[21:20:07] [Server thread/INFO]: Total conversion count is 0
[21:20:07] [Server thread/INFO]: Preparing start region for level 0
[21:20:08] [Server thread/INFO]: Preparing spawn area: 9%
[21:20:09] [Server thread/INFO]: Preparing spawn area: 16%
[21:20:10] [Server thread/INFO]: Preparing spawn area: 25%
[21:20:11] [Server thread/INFO]: Preparing spawn area: 33%
[21:20:12] [Server thread/INFO]: Preparing spawn area: 42%
[21:20:13] [Server thread/INFO]: Preparing spawn area: 51%
[21:20:14] [Server thread/INFO]: Preparing spawn area: 60%
[21:20:15] [Server thread/INFO]: Preparing spawn area: 70%
[21:20:16] [Server thread/INFO]: Preparing spawn area: 79%
[21:20:17] [Server thread/INFO]: Preparing spawn area: 89%
[21:20:18] [Server thread/INFO]: Changing view distance to 6, from 10
[21:20:19] [Server thread/INFO]: bmoe15[local:E:7df495d9] logged in with entity id 11166 at (1008.5, 70.0, 273.5)
[21:20:19] [Server thread/INFO]: bmoe15 присоединился к игре
[21:20:23] [Client thread/INFO]: Warning: Clientside chunk ticking took 127 ms
[21:20:23] [Client thread/INFO]: Warning: Clientside chunk ticking took 108 ms
[21:20:29] [Client thread/INFO]: Warning: Clientside chunk ticking took 134 ms
[21:20:29] [Client thread/INFO]: Warning: Clientside chunk ticking took 114 ms
[21:20:38] [Client thread/INFO]: Warning: Clientside chunk ticking took 196 ms
[21:20:42] [Client thread/INFO]: Warning: Clientside chunk ticking took 190 ms
[21:20:46] [Client thread/INFO]: Warning: Clientside chunk ticking took 166 ms
[21:20:48] [Client thread/INFO]: Warning: Clientside chunk ticking took 182 ms
[21:20:59] [Client thread/WARN]: Unable to play unknown soundEvent: minecraft:matmos_hl.water.lake
[21:20:59] [Client thread/WARN]: Unable to play unknown soundEvent: minecraft:matmos_hl.water.lake
[21:20:59] [Server thread/INFO]: Saving and pausing game...
[21:20:59] [Server thread/INFO]: Saving chunks for level 'Новый мир'/Overworld
[21:20:59] [Server thread/INFO]: Saving chunks for level 'Новый мир'/Nether
[21:20:59] [Server thread/INFO]: Saving chunks for level 'Новый мир'/The End
[21:20:59] [Server thread/INFO]: Saving chunks for level 'Новый мир'/The Outer Lands
[21:21:23] [Client thread/INFO]: Warning: Clientside chunk ticking took 164 ms
[21:21:36] [Client thread/INFO]: Warning: Clientside chunk ticking took 213 ms
[21:21:37] [Client thread/INFO]: Warning: Clientside chunk ticking took 113 ms
[21:21:37] [Client thread/INFO]: Warning: Clientside chunk ticking took 144 ms
[21:21:38] [Client thread/INFO]: Warning: Clientside chunk ticking took 148 ms
[21:21:40] [Client thread/INFO]: Warning: Clientside chunk ticking took 253 ms
[21:21:42] [Client thread/INFO]: Warning: Clientside chunk ticking took 328 ms
[21:21:42] [Client thread/INFO]: Warning: Clientside chunk ticking took 198 ms
[21:21:42] [Client thread/INFO]: Warning: Clientside chunk ticking took 179 ms
[21:21:42] [Client thread/INFO]: Warning: Clientside chunk ticking took 133 ms
[21:21:43] [Client thread/INFO]: Warning: Clientside chunk ticking took 213 ms
[21:21:44] [Client thread/INFO]: Warning: Clientside chunk ticking took 222 ms
[21:21:46] [Client thread/INFO]: Warning: Clientside chunk ticking took 224 ms
[21:21:46] [Client thread/INFO]: Warning: Clientside chunk ticking took 148 ms
[21:21:58] [Client thread/WARN]: Unable to play unknown soundEvent: minecraft:matmos_hl.water.lake
[21:21:58] [Client thread/WARN]: Unable to play unknown soundEvent: minecraft:matmos_hl.water.lake
[21:22:00] [Client thread/INFO]: Warning: Clientside chunk ticking took 128 ms
[21:22:00] [Client thread/INFO]: Warning: Clientside chunk ticking took 101 ms
[21:22:02] [Client thread/INFO]: Warning: Clientside chunk ticking took 183 ms
[21:22:02] [Server thread/INFO]: Saving and pausing game...
[21:22:02] [Server thread/INFO]: Saving chunks for level 'Новый мир'/Overworld
[21:22:02] [Server thread/INFO]: Saving chunks for level 'Новый мир'/Nether
[21:22:02] [Server thread/INFO]: Saving chunks for level 'Новый мир'/The End
[21:22:02] [Server thread/INFO]: Saving chunks for level 'Новый мир'/The Outer Lands
[21:22:03] [Server thread/INFO]: Stopping server
[21:22:03] [Server thread/INFO]: Saving players
[21:22:03] [Server thread/INFO]: Saving worlds
[21:22:03] [Server thread/INFO]: Saving chunks for level 'Новый мир'/Overworld
[21:22:03] [Server thread/INFO]: Saving chunks for level 'Новый мир'/Nether
[21:22:03] [Server thread/INFO]: Saving chunks for level 'Новый мир'/The End
[21:22:03] [Server thread/INFO]: Saving chunks for level 'Новый мир'/The Outer Lands
[21:22:05] [Client thread/INFO]: Stopping!
